The target system is: Generic -  - 
The host system is: Darwin - 22.5.0 - x86_64
Compiling the C compiler identification source file "CMakeCCompilerId.c" succeeded.
Compiler: /Users/sureel/.espressif/tools/xtensa-esp32s3-elf/esp-12.2.0_20230208/xtensa-esp32s3-elf/bin/xtensa-esp32s3-elf-gcc 
Build flags: -mlongcalls;
Id flags:  

The output was:
0


Compilation of the C compiler identification source "CMakeCCompilerId.c" produced "a.out"

The C compiler identification is GNU, found in "/Users/sureel/VS_Code/WiWi-ESP-Firmware/csi_recv/build/bootloader/CMakeFiles/3.23.2/CompilerIdC/a.out"

Compiling the CXX compiler identification source file "CMakeCXXCompilerId.cpp" succeeded.
Compiler: /Users/sureel/.espressif/tools/xtensa-esp32s3-elf/esp-12.2.0_20230208/xtensa-esp32s3-elf/bin/xtensa-esp32s3-elf-g++ 
Build flags: -mlongcalls;
Id flags:  

The output was:
0


Compilation of the CXX compiler identification source "CMakeCXXCompilerId.cpp" produced "a.out"

The CXX compiler identification is GNU, found in "/Users/sureel/VS_Code/WiWi-ESP-Firmware/csi_recv/build/bootloader/CMakeFiles/3.23.2/CompilerIdCXX/a.out"

Checking whether the ASM compiler is GNU using "--version" matched "(GNU assembler)|(GCC)|(Free Software Foundation)":
xtensa-esp32s3-elf-gcc (crosstool-NG esp-12.2.0_20230208) 12.2.0
Copyright (C) 2022 Free Software Foundation, Inc.
This is free software; see the source for copying conditions.  There is NO
warranty; not even for MERCHANTABILITY or FITNESS FOR A PARTICULAR PURPOSE.

Detecting C compiler ABI info compiled with the following output:
Change Dir: /Users/sureel/VS_Code/WiWi-ESP-Firmware/csi_recv/build/bootloader/CMakeFiles/CMakeTmp

Run Build Command(s):/opt/homebrew/bin/ninja cmTC_282d7 && [1/2] Building C object CMakeFiles/cmTC_282d7.dir/CMakeCCompilerABI.c.obj
Using built-in specs.
COLLECT_GCC=/Users/sureel/.espressif/tools/xtensa-esp32s3-elf/esp-12.2.0_20230208/xtensa-esp32s3-elf/bin/xtensa-esp32s3-elf-gcc
Target: xtensa-esp32s3-elf
Configured with: /builds/idf/crosstool-NG/.build/HOST-x86_64-apple-darwin12/xtensa-esp32s3-elf/src/gcc/configure --build=x86_64-build_pc-linux-gnu --host=x86_64-host_apple-darwin12 --target=xtensa-esp32s3-elf --prefix=/builds/idf/crosstool-NG/builds/xtensa-esp32s3-elf --exec_prefix=/builds/idf/crosstool-NG/builds/xtensa-esp32s3-elf --with-local-prefix=/builds/idf/crosstool-NG/builds/xtensa-esp32s3-elf/xtensa-esp32s3-elf --with-headers=/builds/idf/crosstool-NG/builds/xtensa-esp32s3-elf/xtensa-esp32s3-elf/include --with-newlib --enable-threads=no --disable-shared --with-pkgversion='crosstool-NG esp-12.2.0_20230208' --disable-__cxa_atexit --enable-cxx-flags=-ffunction-sections --disable-libgomp --disable-libmudflap --disable-libmpx --disable-libssp --disable-libquadmath --disable-libquadmath-support --disable-libstdcxx-verbose --with-gmp=/builds/idf/crosstool-NG/.build/HOST-x86_64-apple-darwin12/xtensa-esp32s3-elf/buildtools/complibs-host --with-mpfr=/builds/idf/crosstool-NG/.build/HOST-x86_64-apple-darwin12/xtensa-esp32s3-elf/buildtools/complibs-host --with-mpc=/builds/idf/crosstool-NG/.build/HOST-x86_64-apple-darwin12/xtensa-esp32s3-elf/buildtools/complibs-host --with-isl=/builds/idf/crosstool-NG/.build/HOST-x86_64-apple-darwin12/xtensa-esp32s3-elf/buildtools/complibs-host --enable-lto --enable-target-optspace --without-long-double-128 --disable-nls --enable-multiarch --enable-languages=c,c++ --disable-libstdcxx-verbose --enable-threads=posix --enable-gcov-custom-rtio --enable-libstdcxx-time=yes
Thread model: posix
Supported LTO compression algorithms: zlib
gcc version 12.2.0 (crosstool-NG esp-12.2.0_20230208) 
COLLECT_GCC_OPTIONS='-mlongcalls' '-v' '-o' 'CMakeFiles/cmTC_282d7.dir/CMakeCCompilerABI.c.obj' '-c' '-dumpdir' 'CMakeFiles/cmTC_282d7.dir/'
 /Users/sureel/.espressif/tools/xtensa-esp32s3-elf/esp-12.2.0_20230208/xtensa-esp32s3-elf/bin/../libexec/gcc/xtensa-esp32s3-elf/12.2.0/cc1 -quiet -v -iprefix /Users/sureel/.espressif/tools/xtensa-esp32s3-elf/esp-12.2.0_20230208/xtensa-esp32s3-elf/bin/../lib/gcc/xtensa-esp32s3-elf/12.2.0/ /opt/homebrew/Cellar/cmake/3.23.2/share/cmake/Modules/CMakeCCompilerABI.c -quiet -dumpdir CMakeFiles/cmTC_282d7.dir/ -dumpbase CMakeCCompilerABI.c.c -dumpbase-ext .c -mlongcalls -version -o /var/folders/wf/vpyfzw3j1g7bfvkfgnfl2j1c0000gn/T//ccOl70Ro.s
GNU C17 (crosstool-NG esp-12.2.0_20230208) version 12.2.0 (xtensa-esp32s3-elf)
	compiled by GNU C version 8.3.0, GMP version 6.2.1, MPFR version 4.1.0, MPC version 1.2.1, isl version isl-0.24-GMP

GGC heuristics: --param ggc-min-expand=100 --param ggc-min-heapsize=131072
ignoring duplicate directory "/Users/sureel/.espressif/tools/xtensa-esp32s3-elf/esp-12.2.0_20230208/xtensa-esp32s3-elf/bin/../lib/gcc/../../lib/gcc/xtensa-esp32s3-elf/12.2.0/include"
ignoring duplicate directory "/Users/sureel/.espressif/tools/xtensa-esp32s3-elf/esp-12.2.0_20230208/xtensa-esp32s3-elf/bin/../lib/gcc/../../lib/gcc/xtensa-esp32s3-elf/12.2.0/include-fixed"
ignoring duplicate directory "/Users/sureel/.espressif/tools/xtensa-esp32s3-elf/esp-12.2.0_20230208/xtensa-esp32s3-elf/bin/../lib/gcc/../../lib/gcc/xtensa-esp32s3-elf/12.2.0/../../../../xtensa-esp32s3-elf/sys-include"
ignoring duplicate directory "/Users/sureel/.espressif/tools/xtensa-esp32s3-elf/esp-12.2.0_20230208/xtensa-esp32s3-elf/bin/../lib/gcc/../../lib/gcc/xtensa-esp32s3-elf/12.2.0/../../../../xtensa-esp32s3-elf/include"
#include "..." search starts here:
#include <...> search starts here:
 /Users/sureel/.espressif/tools/xtensa-esp32s3-elf/esp-12.2.0_20230208/xtensa-esp32s3-elf/bin/../lib/gcc/xtensa-esp32s3-elf/12.2.0/include
 /Users/sureel/.espressif/tools/xtensa-esp32s3-elf/esp-12.2.0_20230208/xtensa-esp32s3-elf/bin/../lib/gcc/xtensa-esp32s3-elf/12.2.0/include-fixed
 /Users/sureel/.espressif/tools/xtensa-esp32s3-elf/esp-12.2.0_20230208/xtensa-esp32s3-elf/bin/../lib/gcc/xtensa-esp32s3-elf/12.2.0/../../../../xtensa-esp32s3-elf/sys-include
 /Users/sureel/.espressif/tools/xtensa-esp32s3-elf/esp-12.2.0_20230208/xtensa-esp32s3-elf/bin/../lib/gcc/xtensa-esp32s3-elf/12.2.0/../../../../xtensa-esp32s3-elf/include
End of search list.
GNU C17 (crosstool-NG esp-12.2.0_20230208) version 12.2.0 (xtensa-esp32s3-elf)
	compiled by GNU C version 8.3.0, GMP version 6.2.1, MPFR version 4.1.0, MPC version 1.2.1, isl version isl-0.24-GMP

GGC heuristics: --param ggc-min-expand=100 --param ggc-min-heapsize=131072
Compiler executable checksum: 48812264020ec8497a5bc1c51a690909
COLLECT_GCC_OPTIONS='-mlongcalls' '-v' '-o' 'CMakeFiles/cmTC_282d7.dir/CMakeCCompilerABI.c.obj' '-c' '-dumpdir' 'CMakeFiles/cmTC_282d7.dir/'
 /Users/sureel/.espressif/tools/xtensa-esp32s3-elf/esp-12.2.0_20230208/xtensa-esp32s3-elf/bin/../lib/gcc/xtensa-esp32s3-elf/12.2.0/../../../../xtensa-esp32s3-elf/bin/as --traditional-format --longcalls -o CMakeFiles/cmTC_282d7.dir/CMakeCCompilerABI.c.obj /var/folders/wf/vpyfzw3j1g7bfvkfgnfl2j1c0000gn/T//ccOl70Ro.s
COMPILER_PATH=/Users/sureel/.espressif/tools/xtensa-esp32s3-elf/esp-12.2.0_20230208/xtensa-esp32s3-elf/bin/../libexec/gcc/xtensa-esp32s3-elf/12.2.0/:/Users/sureel/.espressif/tools/xtensa-esp32s3-elf/esp-12.2.0_20230208/xtensa-esp32s3-elf/bin/../libexec/gcc/:/Users/sureel/.espressif/tools/xtensa-esp32s3-elf/esp-12.2.0_20230208/xtensa-esp32s3-elf/bin/../lib/gcc/xtensa-esp32s3-elf/12.2.0/../../../../xtensa-esp32s3-elf/bin/
LIBRARY_PATH=/Users/sureel/.espressif/tools/xtensa-esp32s3-elf/esp-12.2.0_20230208/xtensa-esp32s3-elf/bin/../lib/gcc/xtensa-esp32s3-elf/12.2.0/:/Users/sureel/.espressif/tools/xtensa-esp32s3-elf/esp-12.2.0_20230208/xtensa-esp32s3-elf/bin/../lib/gcc/:/Users/sureel/.espressif/tools/xtensa-esp32s3-elf/esp-12.2.0_20230208/xtensa-esp32s3-elf/bin/../lib/gcc/xtensa-esp32s3-elf/12.2.0/../../../../xtensa-esp32s3-elf/lib/
COLLECT_GCC_OPTIONS='-mlongcalls' '-v' '-o' 'CMakeFiles/cmTC_282d7.dir/CMakeCCompilerABI.c.obj' '-c' '-dumpdir' 'CMakeFiles/cmTC_282d7.dir/CMakeCCompilerABI.c.'
[2/2] Linking C executable cmTC_282d7
Using built-in specs.
COLLECT_GCC=/Users/sureel/.espressif/tools/xtensa-esp32s3-elf/esp-12.2.0_20230208/xtensa-esp32s3-elf/bin/xtensa-esp32s3-elf-gcc
COLLECT_LTO_WRAPPER=/Users/sureel/.espressif/tools/xtensa-esp32s3-elf/esp-12.2.0_20230208/xtensa-esp32s3-elf/bin/../libexec/gcc/xtensa-esp32s3-elf/12.2.0/lto-wrapper
Target: xtensa-esp32s3-elf
Configured with: /builds/idf/crosstool-NG/.build/HOST-x86_64-apple-darwin12/xtensa-esp32s3-elf/src/gcc/configure --build=x86_64-build_pc-linux-gnu --host=x86_64-host_apple-darwin12 --target=xtensa-esp32s3-elf --prefix=/builds/idf/crosstool-NG/builds/xtensa-esp32s3-elf --exec_prefix=/builds/idf/crosstool-NG/builds/xtensa-esp32s3-elf --with-local-prefix=/builds/idf/crosstool-NG/builds/xtensa-esp32s3-elf/xtensa-esp32s3-elf --with-headers=/builds/idf/crosstool-NG/builds/xtensa-esp32s3-elf/xtensa-esp32s3-elf/include --with-newlib --enable-threads=no --disable-shared --with-pkgversion='crosstool-NG esp-12.2.0_20230208' --disable-__cxa_atexit --enable-cxx-flags=-ffunction-sections --disable-libgomp --disable-libmudflap --disable-libmpx --disable-libssp --disable-libquadmath --disable-libquadmath-support --disable-libstdcxx-verbose --with-gmp=/builds/idf/crosstool-NG/.build/HOST-x86_64-apple-darwin12/xtensa-esp32s3-elf/buildtools/complibs-host --with-mpfr=/builds/idf/crosstool-NG/.build/HOST-x86_64-apple-darwin12/xtensa-esp32s3-elf/buildtools/complibs-host --with-mpc=/builds/idf/crosstool-NG/.build/HOST-x86_64-apple-darwin12/xtensa-esp32s3-elf/buildtools/complibs-host --with-isl=/builds/idf/crosstool-NG/.build/HOST-x86_64-apple-darwin12/xtensa-esp32s3-elf/buildtools/complibs-host --enable-lto --enable-target-optspace --without-long-double-128 --disable-nls --enable-multiarch --enable-languages=c,c++ --disable-libstdcxx-verbose --enable-threads=posix --enable-gcov-custom-rtio --enable-libstdcxx-time=yes
Thread model: posix
Supported LTO compression algorithms: zlib
gcc version 12.2.0 (crosstool-NG esp-12.2.0_20230208) 
COMPILER_PATH=/Users/sureel/.espressif/tools/xtensa-esp32s3-elf/esp-12.2.0_20230208/xtensa-esp32s3-elf/bin/../libexec/gcc/xtensa-esp32s3-elf/12.2.0/:/Users/sureel/.espressif/tools/xtensa-esp32s3-elf/esp-12.2.0_20230208/xtensa-esp32s3-elf/bin/../libexec/gcc/:/Users/sureel/.espressif/tools/xtensa-esp32s3-elf/esp-12.2.0_20230208/xtensa-esp32s3-elf/bin/../lib/gcc/xtensa-esp32s3-elf/12.2.0/../../../../xtensa-esp32s3-elf/bin/
LIBRARY_PATH=/Users/sureel/.espressif/tools/xtensa-esp32s3-elf/esp-12.2.0_20230208/xtensa-esp32s3-elf/bin/../lib/gcc/xtensa-esp32s3-elf/12.2.0/:/Users/sureel/.espressif/tools/xtensa-esp32s3-elf/esp-12.2.0_20230208/xtensa-esp32s3-elf/bin/../lib/gcc/:/Users/sureel/.espressif/tools/xtensa-esp32s3-elf/esp-12.2.0_20230208/xtensa-esp32s3-elf/bin/../lib/gcc/xtensa-esp32s3-elf/12.2.0/../../../../xtensa-esp32s3-elf/lib/
COLLECT_GCC_OPTIONS='-mlongcalls' '-v' '-o' 'cmTC_282d7' '-dumpdir' 'cmTC_282d7.'
 /Users/sureel/.espressif/tools/xtensa-esp32s3-elf/esp-12.2.0_20230208/xtensa-esp32s3-elf/bin/../libexec/gcc/xtensa-esp32s3-elf/12.2.0/collect2 -plugin /Users/sureel/.espressif/tools/xtensa-esp32s3-elf/esp-12.2.0_20230208/xtensa-esp32s3-elf/bin/../libexec/gcc/xtensa-esp32s3-elf/12.2.0/liblto_plugin.so -plugin-opt=/Users/sureel/.espressif/tools/xtensa-esp32s3-elf/esp-12.2.0_20230208/xtensa-esp32s3-elf/bin/../libexec/gcc/xtensa-esp32s3-elf/12.2.0/lto-wrapper -plugin-opt=-fresolution=/var/folders/wf/vpyfzw3j1g7bfvkfgnfl2j1c0000gn/T//ccRuJdsd.res -plugin-opt=-pass-through=-lgcc -plugin-opt=-pass-through=-lc -plugin-opt=-pass-through=-lnosys -plugin-opt=-pass-through=-lc -plugin-opt=-pass-through=-lgcc -o cmTC_282d7 /Users/sureel/.espressif/tools/xtensa-esp32s3-elf/esp-12.2.0_20230208/xtensa-esp32s3-elf/bin/../lib/gcc/xtensa-esp32s3-elf/12.2.0/../../../../xtensa-esp32s3-elf/lib/crt0.o /Users/sureel/.espressif/tools/xtensa-esp32s3-elf/esp-12.2.0_20230208/xtensa-esp32s3-elf/bin/../lib/gcc/xtensa-esp32s3-elf/12.2.0/crti.o /Users/sureel/.espressif/tools/xtensa-esp32s3-elf/esp-12.2.0_20230208/xtensa-esp32s3-elf/bin/../lib/gcc/xtensa-esp32s3-elf/12.2.0/crtbegin.o -L/Users/sureel/.espressif/tools/xtensa-esp32s3-elf/esp-12.2.0_20230208/xtensa-esp32s3-elf/bin/../lib/gcc/xtensa-esp32s3-elf/12.2.0 -L/Users/sureel/.espressif/tools/xtensa-esp32s3-elf/esp-12.2.0_20230208/xtensa-esp32s3-elf/bin/../lib/gcc -L/Users/sureel/.espressif/tools/xtensa-esp32s3-elf/esp-12.2.0_20230208/xtensa-esp32s3-elf/bin/../lib/gcc/xtensa-esp32s3-elf/12.2.0/../../../../xtensa-esp32s3-elf/lib CMakeFiles/cmTC_282d7.dir/CMakeCCompilerABI.c.obj -lgcc -lc -lnosys -lc -lgcc /Users/sureel/.espressif/tools/xtensa-esp32s3-elf/esp-12.2.0_20230208/xtensa-esp32s3-elf/bin/../lib/gcc/xtensa-esp32s3-elf/12.2.0/crtend.o /Users/sureel/.espressif/tools/xtensa-esp32s3-elf/esp-12.2.0_20230208/xtensa-esp32s3-elf/bin/../lib/gcc/xtensa-esp32s3-elf/12.2.0/crtn.o
COLLECT_GCC_OPTIONS='-mlongcalls' '-v' '-o' 'cmTC_282d7' '-dumpdir' 'cmTC_282d7.'



Parsed C implicit include dir info from above output: rv=done
  found start of include info
  found start of implicit include info
    add: [/Users/sureel/.espressif/tools/xtensa-esp32s3-elf/esp-12.2.0_20230208/xtensa-esp32s3-elf/bin/../lib/gcc/xtensa-esp32s3-elf/12.2.0/include]
    add: [/Users/sureel/.espressif/tools/xtensa-esp32s3-elf/esp-12.2.0_20230208/xtensa-esp32s3-elf/bin/../lib/gcc/xtensa-esp32s3-elf/12.2.0/include-fixed]
    add: [/Users/sureel/.espressif/tools/xtensa-esp32s3-elf/esp-12.2.0_20230208/xtensa-esp32s3-elf/bin/../lib/gcc/xtensa-esp32s3-elf/12.2.0/../../../../xtensa-esp32s3-elf/sys-include]
    add: [/Users/sureel/.espressif/tools/xtensa-esp32s3-elf/esp-12.2.0_20230208/xtensa-esp32s3-elf/bin/../lib/gcc/xtensa-esp32s3-elf/12.2.0/../../../../xtensa-esp32s3-elf/include]
  end of search list found
  collapse include dir [/Users/sureel/.espressif/tools/xtensa-esp32s3-elf/esp-12.2.0_20230208/xtensa-esp32s3-elf/bin/../lib/gcc/xtensa-esp32s3-elf/12.2.0/include] ==> [/Users/sureel/.espressif/tools/xtensa-esp32s3-elf/esp-12.2.0_20230208/xtensa-esp32s3-elf/lib/gcc/xtensa-esp32s3-elf/12.2.0/include]
  collapse include dir [/Users/sureel/.espressif/tools/xtensa-esp32s3-elf/esp-12.2.0_20230208/xtensa-esp32s3-elf/bin/../lib/gcc/xtensa-esp32s3-elf/12.2.0/include-fixed] ==> [/Users/sureel/.espressif/tools/xtensa-esp32s3-elf/esp-12.2.0_20230208/xtensa-esp32s3-elf/lib/gcc/xtensa-esp32s3-elf/12.2.0/include-fixed]
  collapse include dir [/Users/sureel/.espressif/tools/xtensa-esp32s3-elf/esp-12.2.0_20230208/xtensa-esp32s3-elf/bin/../lib/gcc/xtensa-esp32s3-elf/12.2.0/../../../../xtensa-esp32s3-elf/sys-include] ==> [/Users/sureel/.espressif/tools/xtensa-esp32s3-elf/esp-12.2.0_20230208/xtensa-esp32s3-elf/xtensa-esp32s3-elf/sys-include]
  collapse include dir [/Users/sureel/.espressif/tools/xtensa-esp32s3-elf/esp-12.2.0_20230208/xtensa-esp32s3-elf/bin/../lib/gcc/xtensa-esp32s3-elf/12.2.0/../../../../xtensa-esp32s3-elf/include] ==> [/Users/sureel/.espressif/tools/xtensa-esp32s3-elf/esp-12.2.0_20230208/xtensa-esp32s3-elf/xtensa-esp32s3-elf/include]
  implicit include dirs: [/Users/sureel/.espressif/tools/xtensa-esp32s3-elf/esp-12.2.0_20230208/xtensa-esp32s3-elf/lib/gcc/xtensa-esp32s3-elf/12.2.0/include;/Users/sureel/.espressif/tools/xtensa-esp32s3-elf/esp-12.2.0_20230208/xtensa-esp32s3-elf/lib/gcc/xtensa-esp32s3-elf/12.2.0/include-fixed;/Users/sureel/.espressif/tools/xtensa-esp32s3-elf/esp-12.2.0_20230208/xtensa-esp32s3-elf/xtensa-esp32s3-elf/sys-include;/Users/sureel/.espressif/tools/xtensa-esp32s3-elf/esp-12.2.0_20230208/xtensa-esp32s3-elf/xtensa-esp32s3-elf/include]


Parsed C implicit link information from above output:
  link line regex: [^( *|.*[/\])(xtensa-esp32s3-elf-ld|CMAKE_LINK_STARTFILE-NOTFOUND|([^/\]+-)?ld|collect2)[^/\]*( |$)]
  ignore line: [Change Dir: /Users/sureel/VS_Code/WiWi-ESP-Firmware/csi_recv/build/bootloader/CMakeFiles/CMakeTmp]
  ignore line: []
  ignore line: [Run Build Command(s):/opt/homebrew/bin/ninja cmTC_282d7 && [1/2] Building C object CMakeFiles/cmTC_282d7.dir/CMakeCCompilerABI.c.obj]
  ignore line: [Using built-in specs.]
  ignore line: [COLLECT_GCC=/Users/sureel/.espressif/tools/xtensa-esp32s3-elf/esp-12.2.0_20230208/xtensa-esp32s3-elf/bin/xtensa-esp32s3-elf-gcc]
  ignore line: [Target: xtensa-esp32s3-elf]
  ignore line: [Configured with: /builds/idf/crosstool-NG/.build/HOST-x86_64-apple-darwin12/xtensa-esp32s3-elf/src/gcc/configure --build=x86_64-build_pc-linux-gnu --host=x86_64-host_apple-darwin12 --target=xtensa-esp32s3-elf --prefix=/builds/idf/crosstool-NG/builds/xtensa-esp32s3-elf --exec_prefix=/builds/idf/crosstool-NG/builds/xtensa-esp32s3-elf --with-local-prefix=/builds/idf/crosstool-NG/builds/xtensa-esp32s3-elf/xtensa-esp32s3-elf --with-headers=/builds/idf/crosstool-NG/builds/xtensa-esp32s3-elf/xtensa-esp32s3-elf/include --with-newlib --enable-threads=no --disable-shared --with-pkgversion='crosstool-NG esp-12.2.0_20230208' --disable-__cxa_atexit --enable-cxx-flags=-ffunction-sections --disable-libgomp --disable-libmudflap --disable-libmpx --disable-libssp --disable-libquadmath --disable-libquadmath-support --disable-libstdcxx-verbose --with-gmp=/builds/idf/crosstool-NG/.build/HOST-x86_64-apple-darwin12/xtensa-esp32s3-elf/buildtools/complibs-host --with-mpfr=/builds/idf/crosstool-NG/.build/HOST-x86_64-apple-darwin12/xtensa-esp32s3-elf/buildtools/complibs-host --with-mpc=/builds/idf/crosstool-NG/.build/HOST-x86_64-apple-darwin12/xtensa-esp32s3-elf/buildtools/complibs-host --with-isl=/builds/idf/crosstool-NG/.build/HOST-x86_64-apple-darwin12/xtensa-esp32s3-elf/buildtools/complibs-host --enable-lto --enable-target-optspace --without-long-double-128 --disable-nls --enable-multiarch --enable-languages=c c++ --disable-libstdcxx-verbose --enable-threads=posix --enable-gcov-custom-rtio --enable-libstdcxx-time=yes]
  ignore line: [Thread model: posix]
  ignore line: [Supported LTO compression algorithms: zlib]
  ignore line: [gcc version 12.2.0 (crosstool-NG esp-12.2.0_20230208) ]
  ignore line: [COLLECT_GCC_OPTIONS='-mlongcalls' '-v' '-o' 'CMakeFiles/cmTC_282d7.dir/CMakeCCompilerABI.c.obj' '-c' '-dumpdir' 'CMakeFiles/cmTC_282d7.dir/']
  ignore line: [ /Users/sureel/.espressif/tools/xtensa-esp32s3-elf/esp-12.2.0_20230208/xtensa-esp32s3-elf/bin/../libexec/gcc/xtensa-esp32s3-elf/12.2.0/cc1 -quiet -v -iprefix /Users/sureel/.espressif/tools/xtensa-esp32s3-elf/esp-12.2.0_20230208/xtensa-esp32s3-elf/bin/../lib/gcc/xtensa-esp32s3-elf/12.2.0/ /opt/homebrew/Cellar/cmake/3.23.2/share/cmake/Modules/CMakeCCompilerABI.c -quiet -dumpdir CMakeFiles/cmTC_282d7.dir/ -dumpbase CMakeCCompilerABI.c.c -dumpbase-ext .c -mlongcalls -version -o /var/folders/wf/vpyfzw3j1g7bfvkfgnfl2j1c0000gn/T//ccOl70Ro.s]
  ignore line: [GNU C17 (crosstool-NG esp-12.2.0_20230208) version 12.2.0 (xtensa-esp32s3-elf)]
  ignore line: [	compiled by GNU C version 8.3.0  GMP version 6.2.1  MPFR version 4.1.0  MPC version 1.2.1  isl version isl-0.24-GMP]
  ignore line: []
  ignore line: [GGC heuristics: --param ggc-min-expand=100 --param ggc-min-heapsize=131072]
  ignore line: [ignoring duplicate directory "/Users/sureel/.espressif/tools/xtensa-esp32s3-elf/esp-12.2.0_20230208/xtensa-esp32s3-elf/bin/../lib/gcc/../../lib/gcc/xtensa-esp32s3-elf/12.2.0/include"]
  ignore line: [ignoring duplicate directory "/Users/sureel/.espressif/tools/xtensa-esp32s3-elf/esp-12.2.0_20230208/xtensa-esp32s3-elf/bin/../lib/gcc/../../lib/gcc/xtensa-esp32s3-elf/12.2.0/include-fixed"]
  ignore line: [ignoring duplicate directory "/Users/sureel/.espressif/tools/xtensa-esp32s3-elf/esp-12.2.0_20230208/xtensa-esp32s3-elf/bin/../lib/gcc/../../lib/gcc/xtensa-esp32s3-elf/12.2.0/../../../../xtensa-esp32s3-elf/sys-include"]
  ignore line: [ignoring duplicate directory "/Users/sureel/.espressif/tools/xtensa-esp32s3-elf/esp-12.2.0_20230208/xtensa-esp32s3-elf/bin/../lib/gcc/../../lib/gcc/xtensa-esp32s3-elf/12.2.0/../../../../xtensa-esp32s3-elf/include"]
  ignore line: [#include "..." search starts here:]
  ignore line: [#include <...> search starts here:]
  ignore line: [ /Users/sureel/.espressif/tools/xtensa-esp32s3-elf/esp-12.2.0_20230208/xtensa-esp32s3-elf/bin/../lib/gcc/xtensa-esp32s3-elf/12.2.0/include]
  ignore line: [ /Users/sureel/.espressif/tools/xtensa-esp32s3-elf/esp-12.2.0_20230208/xtensa-esp32s3-elf/bin/../lib/gcc/xtensa-esp32s3-elf/12.2.0/include-fixed]
  ignore line: [ /Users/sureel/.espressif/tools/xtensa-esp32s3-elf/esp-12.2.0_20230208/xtensa-esp32s3-elf/bin/../lib/gcc/xtensa-esp32s3-elf/12.2.0/../../../../xtensa-esp32s3-elf/sys-include]
  ignore line: [ /Users/sureel/.espressif/tools/xtensa-esp32s3-elf/esp-12.2.0_20230208/xtensa-esp32s3-elf/bin/../lib/gcc/xtensa-esp32s3-elf/12.2.0/../../../../xtensa-esp32s3-elf/include]
  ignore line: [End of search list.]
  ignore line: [GNU C17 (crosstool-NG esp-12.2.0_20230208) version 12.2.0 (xtensa-esp32s3-elf)]
  ignore line: [	compiled by GNU C version 8.3.0  GMP version 6.2.1  MPFR version 4.1.0  MPC version 1.2.1  isl version isl-0.24-GMP]
  ignore line: []
  ignore line: [GGC heuristics: --param ggc-min-expand=100 --param ggc-min-heapsize=131072]
  ignore line: [Compiler executable checksum: 48812264020ec8497a5bc1c51a690909]
  ignore line: [COLLECT_GCC_OPTIONS='-mlongcalls' '-v' '-o' 'CMakeFiles/cmTC_282d7.dir/CMakeCCompilerABI.c.obj' '-c' '-dumpdir' 'CMakeFiles/cmTC_282d7.dir/']
  ignore line: [ /Users/sureel/.espressif/tools/xtensa-esp32s3-elf/esp-12.2.0_20230208/xtensa-esp32s3-elf/bin/../lib/gcc/xtensa-esp32s3-elf/12.2.0/../../../../xtensa-esp32s3-elf/bin/as --traditional-format --longcalls -o CMakeFiles/cmTC_282d7.dir/CMakeCCompilerABI.c.obj /var/folders/wf/vpyfzw3j1g7bfvkfgnfl2j1c0000gn/T//ccOl70Ro.s]
  ignore line: [COMPILER_PATH=/Users/sureel/.espressif/tools/xtensa-esp32s3-elf/esp-12.2.0_20230208/xtensa-esp32s3-elf/bin/../libexec/gcc/xtensa-esp32s3-elf/12.2.0/:/Users/sureel/.espressif/tools/xtensa-esp32s3-elf/esp-12.2.0_20230208/xtensa-esp32s3-elf/bin/../libexec/gcc/:/Users/sureel/.espressif/tools/xtensa-esp32s3-elf/esp-12.2.0_20230208/xtensa-esp32s3-elf/bin/../lib/gcc/xtensa-esp32s3-elf/12.2.0/../../../../xtensa-esp32s3-elf/bin/]
  ignore line: [LIBRARY_PATH=/Users/sureel/.espressif/tools/xtensa-esp32s3-elf/esp-12.2.0_20230208/xtensa-esp32s3-elf/bin/../lib/gcc/xtensa-esp32s3-elf/12.2.0/:/Users/sureel/.espressif/tools/xtensa-esp32s3-elf/esp-12.2.0_20230208/xtensa-esp32s3-elf/bin/../lib/gcc/:/Users/sureel/.espressif/tools/xtensa-esp32s3-elf/esp-12.2.0_20230208/xtensa-esp32s3-elf/bin/../lib/gcc/xtensa-esp32s3-elf/12.2.0/../../../../xtensa-esp32s3-elf/lib/]
  ignore line: [COLLECT_GCC_OPTIONS='-mlongcalls' '-v' '-o' 'CMakeFiles/cmTC_282d7.dir/CMakeCCompilerABI.c.obj' '-c' '-dumpdir' 'CMakeFiles/cmTC_282d7.dir/CMakeCCompilerABI.c.']
  ignore line: [[2/2] Linking C executable cmTC_282d7]
  ignore line: [Using built-in specs.]
  ignore line: [COLLECT_GCC=/Users/sureel/.espressif/tools/xtensa-esp32s3-elf/esp-12.2.0_20230208/xtensa-esp32s3-elf/bin/xtensa-esp32s3-elf-gcc]
  ignore line: [COLLECT_LTO_WRAPPER=/Users/sureel/.espressif/tools/xtensa-esp32s3-elf/esp-12.2.0_20230208/xtensa-esp32s3-elf/bin/../libexec/gcc/xtensa-esp32s3-elf/12.2.0/lto-wrapper]
  ignore line: [Target: xtensa-esp32s3-elf]
  ignore line: [Configured with: /builds/idf/crosstool-NG/.build/HOST-x86_64-apple-darwin12/xtensa-esp32s3-elf/src/gcc/configure --build=x86_64-build_pc-linux-gnu --host=x86_64-host_apple-darwin12 --target=xtensa-esp32s3-elf --prefix=/builds/idf/crosstool-NG/builds/xtensa-esp32s3-elf --exec_prefix=/builds/idf/crosstool-NG/builds/xtensa-esp32s3-elf --with-local-prefix=/builds/idf/crosstool-NG/builds/xtensa-esp32s3-elf/xtensa-esp32s3-elf --with-headers=/builds/idf/crosstool-NG/builds/xtensa-esp32s3-elf/xtensa-esp32s3-elf/include --with-newlib --enable-threads=no --disable-shared --with-pkgversion='crosstool-NG esp-12.2.0_20230208' --disable-__cxa_atexit --enable-cxx-flags=-ffunction-sections --disable-libgomp --disable-libmudflap --disable-libmpx --disable-libssp --disable-libquadmath --disable-libquadmath-support --disable-libstdcxx-verbose --with-gmp=/builds/idf/crosstool-NG/.build/HOST-x86_64-apple-darwin12/xtensa-esp32s3-elf/buildtools/complibs-host --with-mpfr=/builds/idf/crosstool-NG/.build/HOST-x86_64-apple-darwin12/xtensa-esp32s3-elf/buildtools/complibs-host --with-mpc=/builds/idf/crosstool-NG/.build/HOST-x86_64-apple-darwin12/xtensa-esp32s3-elf/buildtools/complibs-host --with-isl=/builds/idf/crosstool-NG/.build/HOST-x86_64-apple-darwin12/xtensa-esp32s3-elf/buildtools/complibs-host --enable-lto --enable-target-optspace --without-long-double-128 --disable-nls --enable-multiarch --enable-languages=c c++ --disable-libstdcxx-verbose --enable-threads=posix --enable-gcov-custom-rtio --enable-libstdcxx-time=yes]
  ignore line: [Thread model: posix]
  ignore line: [Supported LTO compression algorithms: zlib]
  ignore line: [gcc version 12.2.0 (crosstool-NG esp-12.2.0_20230208) ]
  ignore line: [COMPILER_PATH=/Users/sureel/.espressif/tools/xtensa-esp32s3-elf/esp-12.2.0_20230208/xtensa-esp32s3-elf/bin/../libexec/gcc/xtensa-esp32s3-elf/12.2.0/:/Users/sureel/.espressif/tools/xtensa-esp32s3-elf/esp-12.2.0_20230208/xtensa-esp32s3-elf/bin/../libexec/gcc/:/Users/sureel/.espressif/tools/xtensa-esp32s3-elf/esp-12.2.0_20230208/xtensa-esp32s3-elf/bin/../lib/gcc/xtensa-esp32s3-elf/12.2.0/../../../../xtensa-esp32s3-elf/bin/]
  ignore line: [LIBRARY_PATH=/Users/sureel/.espressif/tools/xtensa-esp32s3-elf/esp-12.2.0_20230208/xtensa-esp32s3-elf/bin/../lib/gcc/xtensa-esp32s3-elf/12.2.0/:/Users/sureel/.espressif/tools/xtensa-esp32s3-elf/esp-12.2.0_20230208/xtensa-esp32s3-elf/bin/../lib/gcc/:/Users/sureel/.espressif/tools/xtensa-esp32s3-elf/esp-12.2.0_20230208/xtensa-esp32s3-elf/bin/../lib/gcc/xtensa-esp32s3-elf/12.2.0/../../../../xtensa-esp32s3-elf/lib/]
  ignore line: [COLLECT_GCC_OPTIONS='-mlongcalls' '-v' '-o' 'cmTC_282d7' '-dumpdir' 'cmTC_282d7.']
  link line: [ /Users/sureel/.espressif/tools/xtensa-esp32s3-elf/esp-12.2.0_20230208/xtensa-esp32s3-elf/bin/../libexec/gcc/xtensa-esp32s3-elf/12.2.0/collect2 -plugin /Users/sureel/.espressif/tools/xtensa-esp32s3-elf/esp-12.2.0_20230208/xtensa-esp32s3-elf/bin/../libexec/gcc/xtensa-esp32s3-elf/12.2.0/liblto_plugin.so -plugin-opt=/Users/sureel/.espressif/tools/xtensa-esp32s3-elf/esp-12.2.0_20230208/xtensa-esp32s3-elf/bin/../libexec/gcc/xtensa-esp32s3-elf/12.2.0/lto-wrapper -plugin-opt=-fresolution=/var/folders/wf/vpyfzw3j1g7bfvkfgnfl2j1c0000gn/T//ccRuJdsd.res -plugin-opt=-pass-through=-lgcc -plugin-opt=-pass-through=-lc -plugin-opt=-pass-through=-lnosys -plugin-opt=-pass-through=-lc -plugin-opt=-pass-through=-lgcc -o cmTC_282d7 /Users/sureel/.espressif/tools/xtensa-esp32s3-elf/esp-12.2.0_20230208/xtensa-esp32s3-elf/bin/../lib/gcc/xtensa-esp32s3-elf/12.2.0/../../../../xtensa-esp32s3-elf/lib/crt0.o /Users/sureel/.espressif/tools/xtensa-esp32s3-elf/esp-12.2.0_20230208/xtensa-esp32s3-elf/bin/../lib/gcc/xtensa-esp32s3-elf/12.2.0/crti.o /Users/sureel/.espressif/tools/xtensa-esp32s3-elf/esp-12.2.0_20230208/xtensa-esp32s3-elf/bin/../lib/gcc/xtensa-esp32s3-elf/12.2.0/crtbegin.o -L/Users/sureel/.espressif/tools/xtensa-esp32s3-elf/esp-12.2.0_20230208/xtensa-esp32s3-elf/bin/../lib/gcc/xtensa-esp32s3-elf/12.2.0 -L/Users/sureel/.espressif/tools/xtensa-esp32s3-elf/esp-12.2.0_20230208/xtensa-esp32s3-elf/bin/../lib/gcc -L/Users/sureel/.espressif/tools/xtensa-esp32s3-elf/esp-12.2.0_20230208/xtensa-esp32s3-elf/bin/../lib/gcc/xtensa-esp32s3-elf/12.2.0/../../../../xtensa-esp32s3-elf/lib CMakeFiles/cmTC_282d7.dir/CMakeCCompilerABI.c.obj -lgcc -lc -lnosys -lc -lgcc /Users/sureel/.espressif/tools/xtensa-esp32s3-elf/esp-12.2.0_20230208/xtensa-esp32s3-elf/bin/../lib/gcc/xtensa-esp32s3-elf/12.2.0/crtend.o /Users/sureel/.espressif/tools/xtensa-esp32s3-elf/esp-12.2.0_20230208/xtensa-esp32s3-elf/bin/../lib/gcc/xtensa-esp32s3-elf/12.2.0/crtn.o]
    arg [/Users/sureel/.espressif/tools/xtensa-esp32s3-elf/esp-12.2.0_20230208/xtensa-esp32s3-elf/bin/../libexec/gcc/xtensa-esp32s3-elf/12.2.0/collect2] ==> ignore
    arg [-plugin] ==> ignore
    arg [/Users/sureel/.espressif/tools/xtensa-esp32s3-elf/esp-12.2.0_20230208/xtensa-esp32s3-elf/bin/../libexec/gcc/xtensa-esp32s3-elf/12.2.0/liblto_plugin.so] ==> ignore
    arg [-plugin-opt=/Users/sureel/.espressif/tools/xtensa-esp32s3-elf/esp-12.2.0_20230208/xtensa-esp32s3-elf/bin/../libexec/gcc/xtensa-esp32s3-elf/12.2.0/lto-wrapper] ==> ignore
    arg [-plugin-opt=-fresolution=/var/folders/wf/vpyfzw3j1g7bfvkfgnfl2j1c0000gn/T//ccRuJdsd.res] ==> ignore
    arg [-plugin-opt=-pass-through=-lgcc] ==> ignore
    arg [-plugin-opt=-pass-through=-lc] ==> ignore
    arg [-plugin-opt=-pass-through=-lnosys] ==> ignore
    arg [-plugin-opt=-pass-through=-lc] ==> ignore
    arg [-plugin-opt=-pass-through=-lgcc] ==> ignore
    arg [-o] ==> ignore
    arg [cmTC_282d7] ==> ignore
    arg [/Users/sureel/.espressif/tools/xtensa-esp32s3-elf/esp-12.2.0_20230208/xtensa-esp32s3-elf/bin/../lib/gcc/xtensa-esp32s3-elf/12.2.0/../../../../xtensa-esp32s3-elf/lib/crt0.o] ==> obj [/Users/sureel/.espressif/tools/xtensa-esp32s3-elf/esp-12.2.0_20230208/xtensa-esp32s3-elf/bin/../lib/gcc/xtensa-esp32s3-elf/12.2.0/../../../../xtensa-esp32s3-elf/lib/crt0.o]
    arg [/Users/sureel/.espressif/tools/xtensa-esp32s3-elf/esp-12.2.0_20230208/xtensa-esp32s3-elf/bin/../lib/gcc/xtensa-esp32s3-elf/12.2.0/crti.o] ==> obj [/Users/sureel/.espressif/tools/xtensa-esp32s3-elf/esp-12.2.0_20230208/xtensa-esp32s3-elf/bin/../lib/gcc/xtensa-esp32s3-elf/12.2.0/crti.o]
    arg [/Users/sureel/.espressif/tools/xtensa-esp32s3-elf/esp-12.2.0_20230208/xtensa-esp32s3-elf/bin/../lib/gcc/xtensa-esp32s3-elf/12.2.0/crtbegin.o] ==> obj [/Users/sureel/.espressif/tools/xtensa-esp32s3-elf/esp-12.2.0_20230208/xtensa-esp32s3-elf/bin/../lib/gcc/xtensa-esp32s3-elf/12.2.0/crtbegin.o]
    arg [-L/Users/sureel/.espressif/tools/xtensa-esp32s3-elf/esp-12.2.0_20230208/xtensa-esp32s3-elf/bin/../lib/gcc/xtensa-esp32s3-elf/12.2.0] ==> dir [/Users/sureel/.espressif/tools/xtensa-esp32s3-elf/esp-12.2.0_20230208/xtensa-esp32s3-elf/bin/../lib/gcc/xtensa-esp32s3-elf/12.2.0]
    arg [-L/Users/sureel/.espressif/tools/xtensa-esp32s3-elf/esp-12.2.0_20230208/xtensa-esp32s3-elf/bin/../lib/gcc] ==> dir [/Users/sureel/.espressif/tools/xtensa-esp32s3-elf/esp-12.2.0_20230208/xtensa-esp32s3-elf/bin/../lib/gcc]
    arg [-L/Users/sureel/.espressif/tools/xtensa-esp32s3-elf/esp-12.2.0_20230208/xtensa-esp32s3-elf/bin/../lib/gcc/xtensa-esp32s3-elf/12.2.0/../../../../xtensa-esp32s3-elf/lib] ==> dir [/Users/sureel/.espressif/tools/xtensa-esp32s3-elf/esp-12.2.0_20230208/xtensa-esp32s3-elf/bin/../lib/gcc/xtensa-esp32s3-elf/12.2.0/../../../../xtensa-esp32s3-elf/lib]
    arg [CMakeFiles/cmTC_282d7.dir/CMakeCCompilerABI.c.obj] ==> ignore
    arg [-lgcc] ==> lib [gcc]
    arg [-lc] ==> lib [c]
    arg [-lnosys] ==> lib [nosys]
    arg [-lc] ==> lib [c]
    arg [-lgcc] ==> lib [gcc]
    arg [/Users/sureel/.espressif/tools/xtensa-esp32s3-elf/esp-12.2.0_20230208/xtensa-esp32s3-elf/bin/../lib/gcc/xtensa-esp32s3-elf/12.2.0/crtend.o] ==> obj [/Users/sureel/.espressif/tools/xtensa-esp32s3-elf/esp-12.2.0_20230208/xtensa-esp32s3-elf/bin/../lib/gcc/xtensa-esp32s3-elf/12.2.0/crtend.o]
    arg [/Users/sureel/.espressif/tools/xtensa-esp32s3-elf/esp-12.2.0_20230208/xtensa-esp32s3-elf/bin/../lib/gcc/xtensa-esp32s3-elf/12.2.0/crtn.o] ==> obj [/Users/sureel/.espressif/tools/xtensa-esp32s3-elf/esp-12.2.0_20230208/xtensa-esp32s3-elf/bin/../lib/gcc/xtensa-esp32s3-elf/12.2.0/crtn.o]
  collapse obj [/Users/sureel/.espressif/tools/xtensa-esp32s3-elf/esp-12.2.0_20230208/xtensa-esp32s3-elf/bin/../lib/gcc/xtensa-esp32s3-elf/12.2.0/../../../../xtensa-esp32s3-elf/lib/crt0.o] ==> [/Users/sureel/.espressif/tools/xtensa-esp32s3-elf/esp-12.2.0_20230208/xtensa-esp32s3-elf/xtensa-esp32s3-elf/lib/crt0.o]
  collapse obj [/Users/sureel/.espressif/tools/xtensa-esp32s3-elf/esp-12.2.0_20230208/xtensa-esp32s3-elf/bin/../lib/gcc/xtensa-esp32s3-elf/12.2.0/crti.o] ==> [/Users/sureel/.espressif/tools/xtensa-esp32s3-elf/esp-12.2.0_20230208/xtensa-esp32s3-elf/lib/gcc/xtensa-esp32s3-elf/12.2.0/crti.o]
  collapse obj [/Users/sureel/.espressif/tools/xtensa-esp32s3-elf/esp-12.2.0_20230208/xtensa-esp32s3-elf/bin/../lib/gcc/xtensa-esp32s3-elf/12.2.0/crtbegin.o] ==> [/Users/sureel/.espressif/tools/xtensa-esp32s3-elf/esp-12.2.0_20230208/xtensa-esp32s3-elf/lib/gcc/xtensa-esp32s3-elf/12.2.0/crtbegin.o]
  collapse obj [/Users/sureel/.espressif/tools/xtensa-esp32s3-elf/esp-12.2.0_20230208/xtensa-esp32s3-elf/bin/../lib/gcc/xtensa-esp32s3-elf/12.2.0/crtend.o] ==> [/Users/sureel/.espressif/tools/xtensa-esp32s3-elf/esp-12.2.0_20230208/xtensa-esp32s3-elf/lib/gcc/xtensa-esp32s3-elf/12.2.0/crtend.o]
  collapse obj [/Users/sureel/.espressif/tools/xtensa-esp32s3-elf/esp-12.2.0_20230208/xtensa-esp32s3-elf/bin/../lib/gcc/xtensa-esp32s3-elf/12.2.0/crtn.o] ==> [/Users/sureel/.espressif/tools/xtensa-esp32s3-elf/esp-12.2.0_20230208/xtensa-esp32s3-elf/lib/gcc/xtensa-esp32s3-elf/12.2.0/crtn.o]
  collapse library dir [/Users/sureel/.espressif/tools/xtensa-esp32s3-elf/esp-12.2.0_20230208/xtensa-esp32s3-elf/bin/../lib/gcc/xtensa-esp32s3-elf/12.2.0] ==> [/Users/sureel/.espressif/tools/xtensa-esp32s3-elf/esp-12.2.0_20230208/xtensa-esp32s3-elf/lib/gcc/xtensa-esp32s3-elf/12.2.0]
  collapse library dir [/Users/sureel/.espressif/tools/xtensa-esp32s3-elf/esp-12.2.0_20230208/xtensa-esp32s3-elf/bin/../lib/gcc] ==> [/Users/sureel/.espressif/tools/xtensa-esp32s3-elf/esp-12.2.0_20230208/xtensa-esp32s3-elf/lib/gcc]
  collapse library dir [/Users/sureel/.espressif/tools/xtensa-esp32s3-elf/esp-12.2.0_20230208/xtensa-esp32s3-elf/bin/../lib/gcc/xtensa-esp32s3-elf/12.2.0/../../../../xtensa-esp32s3-elf/lib] ==> [/Users/sureel/.espressif/tools/xtensa-esp32s3-elf/esp-12.2.0_20230208/xtensa-esp32s3-elf/xtensa-esp32s3-elf/lib]
  implicit libs: [gcc;c;nosys;c;gcc]
  implicit objs: [/Users/sureel/.espressif/tools/xtensa-esp32s3-elf/esp-12.2.0_20230208/xtensa-esp32s3-elf/xtensa-esp32s3-elf/lib/crt0.o;/Users/sureel/.espressif/tools/xtensa-esp32s3-elf/esp-12.2.0_20230208/xtensa-esp32s3-elf/lib/gcc/xtensa-esp32s3-elf/12.2.0/crti.o;/Users/sureel/.espressif/tools/xtensa-esp32s3-elf/esp-12.2.0_20230208/xtensa-esp32s3-elf/lib/gcc/xtensa-esp32s3-elf/12.2.0/crtbegin.o;/Users/sureel/.espressif/tools/xtensa-esp32s3-elf/esp-12.2.0_20230208/xtensa-esp32s3-elf/lib/gcc/xtensa-esp32s3-elf/12.2.0/crtend.o;/Users/sureel/.espressif/tools/xtensa-esp32s3-elf/esp-12.2.0_20230208/xtensa-esp32s3-elf/lib/gcc/xtensa-esp32s3-elf/12.2.0/crtn.o]
  implicit dirs: [/Users/sureel/.espressif/tools/xtensa-esp32s3-elf/esp-12.2.0_20230208/xtensa-esp32s3-elf/lib/gcc/xtensa-esp32s3-elf/12.2.0;/Users/sureel/.espressif/tools/xtensa-esp32s3-elf/esp-12.2.0_20230208/xtensa-esp32s3-elf/lib/gcc;/Users/sureel/.espressif/tools/xtensa-esp32s3-elf/esp-12.2.0_20230208/xtensa-esp32s3-elf/xtensa-esp32s3-elf/lib]
  implicit fwks: []


Detecting CXX compiler ABI info compiled with the following output:
Change Dir: /Users/sureel/VS_Code/WiWi-ESP-Firmware/csi_recv/build/bootloader/CMakeFiles/CMakeTmp

Run Build Command(s):/opt/homebrew/bin/ninja cmTC_15cc1 && [1/2] Building CXX object CMakeFiles/cmTC_15cc1.dir/CMakeCXXCompilerABI.cpp.obj
Using built-in specs.
COLLECT_GCC=/Users/sureel/.espressif/tools/xtensa-esp32s3-elf/esp-12.2.0_20230208/xtensa-esp32s3-elf/bin/xtensa-esp32s3-elf-g++
Target: xtensa-esp32s3-elf
Configured with: /builds/idf/crosstool-NG/.build/HOST-x86_64-apple-darwin12/xtensa-esp32s3-elf/src/gcc/configure --build=x86_64-build_pc-linux-gnu --host=x86_64-host_apple-darwin12 --target=xtensa-esp32s3-elf --prefix=/builds/idf/crosstool-NG/builds/xtensa-esp32s3-elf --exec_prefix=/builds/idf/crosstool-NG/builds/xtensa-esp32s3-elf --with-local-prefix=/builds/idf/crosstool-NG/builds/xtensa-esp32s3-elf/xtensa-esp32s3-elf --with-headers=/builds/idf/crosstool-NG/builds/xtensa-esp32s3-elf/xtensa-esp32s3-elf/include --with-newlib --enable-threads=no --disable-shared --with-pkgversion='crosstool-NG esp-12.2.0_20230208' --disable-__cxa_atexit --enable-cxx-flags=-ffunction-sections --disable-libgomp --disable-libmudflap --disable-libmpx --disable-libssp --disable-libquadmath --disable-libquadmath-support --disable-libstdcxx-verbose --with-gmp=/builds/idf/crosstool-NG/.build/HOST-x86_64-apple-darwin12/xtensa-esp32s3-elf/buildtools/complibs-host --with-mpfr=/builds/idf/crosstool-NG/.build/HOST-x86_64-apple-darwin12/xtensa-esp32s3-elf/buildtools/complibs-host --with-mpc=/builds/idf/crosstool-NG/.build/HOST-x86_64-apple-darwin12/xtensa-esp32s3-elf/buildtools/complibs-host --with-isl=/builds/idf/crosstool-NG/.build/HOST-x86_64-apple-darwin12/xtensa-esp32s3-elf/buildtools/complibs-host --enable-lto --enable-target-optspace --without-long-double-128 --disable-nls --enable-multiarch --enable-languages=c,c++ --disable-libstdcxx-verbose --enable-threads=posix --enable-gcov-custom-rtio --enable-libstdcxx-time=yes
Thread model: posix
Supported LTO compression algorithms: zlib
gcc version 12.2.0 (crosstool-NG esp-12.2.0_20230208) 
COLLECT_GCC_OPTIONS='-mlongcalls' '-v' '-o' 'CMakeFiles/cmTC_15cc1.dir/CMakeCXXCompilerABI.cpp.obj' '-c' '-dumpdir' 'CMakeFiles/cmTC_15cc1.dir/'
 /Users/sureel/.espressif/tools/xtensa-esp32s3-elf/esp-12.2.0_20230208/xtensa-esp32s3-elf/bin/../libexec/gcc/xtensa-esp32s3-elf/12.2.0/cc1plus -quiet -v -iprefix /Users/sureel/.espressif/tools/xtensa-esp32s3-elf/esp-12.2.0_20230208/xtensa-esp32s3-elf/bin/../lib/gcc/xtensa-esp32s3-elf/12.2.0/ /opt/homebrew/Cellar/cmake/3.23.2/share/cmake/Modules/CMakeCXXCompilerABI.cpp -quiet -dumpdir CMakeFiles/cmTC_15cc1.dir/ -dumpbase CMakeCXXCompilerABI.cpp.cpp -dumpbase-ext .cpp -mlongcalls -version -o /var/folders/wf/vpyfzw3j1g7bfvkfgnfl2j1c0000gn/T//cc0Um6wH.s
GNU C++17 (crosstool-NG esp-12.2.0_20230208) version 12.2.0 (xtensa-esp32s3-elf)
	compiled by GNU C version 8.3.0, GMP version 6.2.1, MPFR version 4.1.0, MPC version 1.2.1, isl version isl-0.24-GMP

GGC heuristics: --param ggc-min-expand=100 --param ggc-min-heapsize=131072
ignoring duplicate directory "/Users/sureel/.espressif/tools/xtensa-esp32s3-elf/esp-12.2.0_20230208/xtensa-esp32s3-elf/bin/../lib/gcc/../../lib/gcc/xtensa-esp32s3-elf/12.2.0/../../../../xtensa-esp32s3-elf/include/c++/12.2.0"
ignoring duplicate directory "/Users/sureel/.espressif/tools/xtensa-esp32s3-elf/esp-12.2.0_20230208/xtensa-esp32s3-elf/bin/../lib/gcc/../../lib/gcc/xtensa-esp32s3-elf/12.2.0/../../../../xtensa-esp32s3-elf/include/c++/12.2.0/xtensa-esp32s3-elf"
ignoring duplicate directory "/Users/sureel/.espressif/tools/xtensa-esp32s3-elf/esp-12.2.0_20230208/xtensa-esp32s3-elf/bin/../lib/gcc/../../lib/gcc/xtensa-esp32s3-elf/12.2.0/../../../../xtensa-esp32s3-elf/include/c++/12.2.0/backward"
ignoring duplicate directory "/Users/sureel/.espressif/tools/xtensa-esp32s3-elf/esp-12.2.0_20230208/xtensa-esp32s3-elf/bin/../lib/gcc/../../lib/gcc/xtensa-esp32s3-elf/12.2.0/include"
ignoring duplicate directory "/Users/sureel/.espressif/tools/xtensa-esp32s3-elf/esp-12.2.0_20230208/xtensa-esp32s3-elf/bin/../lib/gcc/../../lib/gcc/xtensa-esp32s3-elf/12.2.0/include-fixed"
ignoring duplicate directory "/Users/sureel/.espressif/tools/xtensa-esp32s3-elf/esp-12.2.0_20230208/xtensa-esp32s3-elf/bin/../lib/gcc/../../lib/gcc/xtensa-esp32s3-elf/12.2.0/../../../../xtensa-esp32s3-elf/sys-include"
ignoring duplicate directory "/Users/sureel/.espressif/tools/xtensa-esp32s3-elf/esp-12.2.0_20230208/xtensa-esp32s3-elf/bin/../lib/gcc/../../lib/gcc/xtensa-esp32s3-elf/12.2.0/../../../../xtensa-esp32s3-elf/include"
#include "..." search starts here:
#include <...> search starts here:
 /Users/sureel/.espressif/tools/xtensa-esp32s3-elf/esp-12.2.0_20230208/xtensa-esp32s3-elf/bin/../lib/gcc/xtensa-esp32s3-elf/12.2.0/../../../../xtensa-esp32s3-elf/include/c++/12.2.0
 /Users/sureel/.espressif/tools/xtensa-esp32s3-elf/esp-12.2.0_20230208/xtensa-esp32s3-elf/bin/../lib/gcc/xtensa-esp32s3-elf/12.2.0/../../../../xtensa-esp32s3-elf/include/c++/12.2.0/xtensa-esp32s3-elf
 /Users/sureel/.espressif/tools/xtensa-esp32s3-elf/esp-12.2.0_20230208/xtensa-esp32s3-elf/bin/../lib/gcc/xtensa-esp32s3-elf/12.2.0/../../../../xtensa-esp32s3-elf/include/c++/12.2.0/backward
 /Users/sureel/.espressif/tools/xtensa-esp32s3-elf/esp-12.2.0_20230208/xtensa-esp32s3-elf/bin/../lib/gcc/xtensa-esp32s3-elf/12.2.0/include
 /Users/sureel/.espressif/tools/xtensa-esp32s3-elf/esp-12.2.0_20230208/xtensa-esp32s3-elf/bin/../lib/gcc/xtensa-esp32s3-elf/12.2.0/include-fixed
 /Users/sureel/.espressif/tools/xtensa-esp32s3-elf/esp-12.2.0_20230208/xtensa-esp32s3-elf/bin/../lib/gcc/xtensa-esp32s3-elf/12.2.0/../../../../xtensa-esp32s3-elf/sys-include
 /Users/sureel/.espressif/tools/xtensa-esp32s3-elf/esp-12.2.0_20230208/xtensa-esp32s3-elf/bin/../lib/gcc/xtensa-esp32s3-elf/12.2.0/../../../../xtensa-esp32s3-elf/include
End of search list.
GNU C++17 (crosstool-NG esp-12.2.0_20230208) version 12.2.0 (xtensa-esp32s3-elf)
	compiled by GNU C version 8.3.0, GMP version 6.2.1, MPFR version 4.1.0, MPC version 1.2.1, isl version isl-0.24-GMP

GGC heuristics: --param ggc-min-expand=100 --param ggc-min-heapsize=131072
Compiler executable checksum: a634fe8936afdff82eaf1e00b04e45b1
COLLECT_GCC_OPTIONS='-mlongcalls' '-v' '-o' 'CMakeFiles/cmTC_15cc1.dir/CMakeCXXCompilerABI.cpp.obj' '-c' '-dumpdir' 'CMakeFiles/cmTC_15cc1.dir/'
 /Users/sureel/.espressif/tools/xtensa-esp32s3-elf/esp-12.2.0_20230208/xtensa-esp32s3-elf/bin/../lib/gcc/xtensa-esp32s3-elf/12.2.0/../../../../xtensa-esp32s3-elf/bin/as --traditional-format --longcalls -o CMakeFiles/cmTC_15cc1.dir/CMakeCXXCompilerABI.cpp.obj /var/folders/wf/vpyfzw3j1g7bfvkfgnfl2j1c0000gn/T//cc0Um6wH.s
COMPILER_PATH=/Users/sureel/.espressif/tools/xtensa-esp32s3-elf/esp-12.2.0_20230208/xtensa-esp32s3-elf/bin/../libexec/gcc/xtensa-esp32s3-elf/12.2.0/:/Users/sureel/.espressif/tools/xtensa-esp32s3-elf/esp-12.2.0_20230208/xtensa-esp32s3-elf/bin/../libexec/gcc/:/Users/sureel/.espressif/tools/xtensa-esp32s3-elf/esp-12.2.0_20230208/xtensa-esp32s3-elf/bin/../lib/gcc/xtensa-esp32s3-elf/12.2.0/../../../../xtensa-esp32s3-elf/bin/
LIBRARY_PATH=/Users/sureel/.espressif/tools/xtensa-esp32s3-elf/esp-12.2.0_20230208/xtensa-esp32s3-elf/bin/../lib/gcc/xtensa-esp32s3-elf/12.2.0/:/Users/sureel/.espressif/tools/xtensa-esp32s3-elf/esp-12.2.0_20230208/xtensa-esp32s3-elf/bin/../lib/gcc/:/Users/sureel/.espressif/tools/xtensa-esp32s3-elf/esp-12.2.0_20230208/xtensa-esp32s3-elf/bin/../lib/gcc/xtensa-esp32s3-elf/12.2.0/../../../../xtensa-esp32s3-elf/lib/
COLLECT_GCC_OPTIONS='-mlongcalls' '-v' '-o' 'CMakeFiles/cmTC_15cc1.dir/CMakeCXXCompilerABI.cpp.obj' '-c' '-dumpdir' 'CMakeFiles/cmTC_15cc1.dir/CMakeCXXCompilerABI.cpp.'
[2/2] Linking CXX executable cmTC_15cc1
Using built-in specs.
COLLECT_GCC=/Users/sureel/.espressif/tools/xtensa-esp32s3-elf/esp-12.2.0_20230208/xtensa-esp32s3-elf/bin/xtensa-esp32s3-elf-g++
COLLECT_LTO_WRAPPER=/Users/sureel/.espressif/tools/xtensa-esp32s3-elf/esp-12.2.0_20230208/xtensa-esp32s3-elf/bin/../libexec/gcc/xtensa-esp32s3-elf/12.2.0/lto-wrapper
Target: xtensa-esp32s3-elf
Configured with: /builds/idf/crosstool-NG/.build/HOST-x86_64-apple-darwin12/xtensa-esp32s3-elf/src/gcc/configure --build=x86_64-build_pc-linux-gnu --host=x86_64-host_apple-darwin12 --target=xtensa-esp32s3-elf --prefix=/builds/idf/crosstool-NG/builds/xtensa-esp32s3-elf --exec_prefix=/builds/idf/crosstool-NG/builds/xtensa-esp32s3-elf --with-local-prefix=/builds/idf/crosstool-NG/builds/xtensa-esp32s3-elf/xtensa-esp32s3-elf --with-headers=/builds/idf/crosstool-NG/builds/xtensa-esp32s3-elf/xtensa-esp32s3-elf/include --with-newlib --enable-threads=no --disable-shared --with-pkgversion='crosstool-NG esp-12.2.0_20230208' --disable-__cxa_atexit --enable-cxx-flags=-ffunction-sections --disable-libgomp --disable-libmudflap --disable-libmpx --disable-libssp --disable-libquadmath --disable-libquadmath-support --disable-libstdcxx-verbose --with-gmp=/builds/idf/crosstool-NG/.build/HOST-x86_64-apple-darwin12/xtensa-esp32s3-elf/buildtools/complibs-host --with-mpfr=/builds/idf/crosstool-NG/.build/HOST-x86_64-apple-darwin12/xtensa-esp32s3-elf/buildtools/complibs-host --with-mpc=/builds/idf/crosstool-NG/.build/HOST-x86_64-apple-darwin12/xtensa-esp32s3-elf/buildtools/complibs-host --with-isl=/builds/idf/crosstool-NG/.build/HOST-x86_64-apple-darwin12/xtensa-esp32s3-elf/buildtools/complibs-host --enable-lto --enable-target-optspace --without-long-double-128 --disable-nls --enable-multiarch --enable-languages=c,c++ --disable-libstdcxx-verbose --enable-threads=posix --enable-gcov-custom-rtio --enable-libstdcxx-time=yes
Thread model: posix
Supported LTO compression algorithms: zlib
gcc version 12.2.0 (crosstool-NG esp-12.2.0_20230208) 
COMPILER_PATH=/Users/sureel/.espressif/tools/xtensa-esp32s3-elf/esp-12.2.0_20230208/xtensa-esp32s3-elf/bin/../libexec/gcc/xtensa-esp32s3-elf/12.2.0/:/Users/sureel/.espressif/tools/xtensa-esp32s3-elf/esp-12.2.0_20230208/xtensa-esp32s3-elf/bin/../libexec/gcc/:/Users/sureel/.espressif/tools/xtensa-esp32s3-elf/esp-12.2.0_20230208/xtensa-esp32s3-elf/bin/../lib/gcc/xtensa-esp32s3-elf/12.2.0/../../../../xtensa-esp32s3-elf/bin/
LIBRARY_PATH=/Users/sureel/.espressif/tools/xtensa-esp32s3-elf/esp-12.2.0_20230208/xtensa-esp32s3-elf/bin/../lib/gcc/xtensa-esp32s3-elf/12.2.0/:/Users/sureel/.espressif/tools/xtensa-esp32s3-elf/esp-12.2.0_20230208/xtensa-esp32s3-elf/bin/../lib/gcc/:/Users/sureel/.espressif/tools/xtensa-esp32s3-elf/esp-12.2.0_20230208/xtensa-esp32s3-elf/bin/../lib/gcc/xtensa-esp32s3-elf/12.2.0/../../../../xtensa-esp32s3-elf/lib/
COLLECT_GCC_OPTIONS='-mlongcalls' '-v' '-o' 'cmTC_15cc1' '-dumpdir' 'cmTC_15cc1.'
 /Users/sureel/.espressif/tools/xtensa-esp32s3-elf/esp-12.2.0_20230208/xtensa-esp32s3-elf/bin/../libexec/gcc/xtensa-esp32s3-elf/12.2.0/collect2 -plugin /Users/sureel/.espressif/tools/xtensa-esp32s3-elf/esp-12.2.0_20230208/xtensa-esp32s3-elf/bin/../libexec/gcc/xtensa-esp32s3-elf/12.2.0/liblto_plugin.so -plugin-opt=/Users/sureel/.espressif/tools/xtensa-esp32s3-elf/esp-12.2.0_20230208/xtensa-esp32s3-elf/bin/../libexec/gcc/xtensa-esp32s3-elf/12.2.0/lto-wrapper -plugin-opt=-fresolution=/var/folders/wf/vpyfzw3j1g7bfvkfgnfl2j1c0000gn/T//ccqnOWqD.res -plugin-opt=-pass-through=-lgcc -plugin-opt=-pass-through=-lc -plugin-opt=-pass-through=-lnosys -plugin-opt=-pass-through=-lc -plugin-opt=-pass-through=-lgcc -o cmTC_15cc1 /Users/sureel/.espressif/tools/xtensa-esp32s3-elf/esp-12.2.0_20230208/xtensa-esp32s3-elf/bin/../lib/gcc/xtensa-esp32s3-elf/12.2.0/../../../../xtensa-esp32s3-elf/lib/crt0.o /Users/sureel/.espressif/tools/xtensa-esp32s3-elf/esp-12.2.0_20230208/xtensa-esp32s3-elf/bin/../lib/gcc/xtensa-esp32s3-elf/12.2.0/crti.o /Users/sureel/.espressif/tools/xtensa-esp32s3-elf/esp-12.2.0_20230208/xtensa-esp32s3-elf/bin/../lib/gcc/xtensa-esp32s3-elf/12.2.0/crtbegin.o -L/Users/sureel/.espressif/tools/xtensa-esp32s3-elf/esp-12.2.0_20230208/xtensa-esp32s3-elf/bin/../lib/gcc/xtensa-esp32s3-elf/12.2.0 -L/Users/sureel/.espressif/tools/xtensa-esp32s3-elf/esp-12.2.0_20230208/xtensa-esp32s3-elf/bin/../lib/gcc -L/Users/sureel/.espressif/tools/xtensa-esp32s3-elf/esp-12.2.0_20230208/xtensa-esp32s3-elf/bin/../lib/gcc/xtensa-esp32s3-elf/12.2.0/../../../../xtensa-esp32s3-elf/lib CMakeFiles/cmTC_15cc1.dir/CMakeCXXCompilerABI.cpp.obj -lstdc++ -lm -lgcc -lc -lnosys -lc -lgcc /Users/sureel/.espressif/tools/xtensa-esp32s3-elf/esp-12.2.0_20230208/xtensa-esp32s3-elf/bin/../lib/gcc/xtensa-esp32s3-elf/12.2.0/crtend.o /Users/sureel/.espressif/tools/xtensa-esp32s3-elf/esp-12.2.0_20230208/xtensa-esp32s3-elf/bin/../lib/gcc/xtensa-esp32s3-elf/12.2.0/crtn.o
COLLECT_GCC_OPTIONS='-mlongcalls' '-v' '-o' 'cmTC_15cc1' '-dumpdir' 'cmTC_15cc1.'



Parsed CXX implicit include dir info from above output: rv=done
  found start of include info
  found start of implicit include info
    add: [/Users/sureel/.espressif/tools/xtensa-esp32s3-elf/esp-12.2.0_20230208/xtensa-esp32s3-elf/bin/../lib/gcc/xtensa-esp32s3-elf/12.2.0/../../../../xtensa-esp32s3-elf/include/c++/12.2.0]
    add: [/Users/sureel/.espressif/tools/xtensa-esp32s3-elf/esp-12.2.0_20230208/xtensa-esp32s3-elf/bin/../lib/gcc/xtensa-esp32s3-elf/12.2.0/../../../../xtensa-esp32s3-elf/include/c++/12.2.0/xtensa-esp32s3-elf]
    add: [/Users/sureel/.espressif/tools/xtensa-esp32s3-elf/esp-12.2.0_20230208/xtensa-esp32s3-elf/bin/../lib/gcc/xtensa-esp32s3-elf/12.2.0/../../../../xtensa-esp32s3-elf/include/c++/12.2.0/backward]
    add: [/Users/sureel/.espressif/tools/xtensa-esp32s3-elf/esp-12.2.0_20230208/xtensa-esp32s3-elf/bin/../lib/gcc/xtensa-esp32s3-elf/12.2.0/include]
    add: [/Users/sureel/.espressif/tools/xtensa-esp32s3-elf/esp-12.2.0_20230208/xtensa-esp32s3-elf/bin/../lib/gcc/xtensa-esp32s3-elf/12.2.0/include-fixed]
    add: [/Users/sureel/.espressif/tools/xtensa-esp32s3-elf/esp-12.2.0_20230208/xtensa-esp32s3-elf/bin/../lib/gcc/xtensa-esp32s3-elf/12.2.0/../../../../xtensa-esp32s3-elf/sys-include]
    add: [/Users/sureel/.espressif/tools/xtensa-esp32s3-elf/esp-12.2.0_20230208/xtensa-esp32s3-elf/bin/../lib/gcc/xtensa-esp32s3-elf/12.2.0/../../../../xtensa-esp32s3-elf/include]
  end of search list found
  collapse include dir [/Users/sureel/.espressif/tools/xtensa-esp32s3-elf/esp-12.2.0_20230208/xtensa-esp32s3-elf/bin/../lib/gcc/xtensa-esp32s3-elf/12.2.0/../../../../xtensa-esp32s3-elf/include/c++/12.2.0] ==> [/Users/sureel/.espressif/tools/xtensa-esp32s3-elf/esp-12.2.0_20230208/xtensa-esp32s3-elf/xtensa-esp32s3-elf/include/c++/12.2.0]
  collapse include dir [/Users/sureel/.espressif/tools/xtensa-esp32s3-elf/esp-12.2.0_20230208/xtensa-esp32s3-elf/bin/../lib/gcc/xtensa-esp32s3-elf/12.2.0/../../../../xtensa-esp32s3-elf/include/c++/12.2.0/xtensa-esp32s3-elf] ==> [/Users/sureel/.espressif/tools/xtensa-esp32s3-elf/esp-12.2.0_20230208/xtensa-esp32s3-elf/xtensa-esp32s3-elf/include/c++/12.2.0/xtensa-esp32s3-elf]
  collapse include dir [/Users/sureel/.espressif/tools/xtensa-esp32s3-elf/esp-12.2.0_20230208/xtensa-esp32s3-elf/bin/../lib/gcc/xtensa-esp32s3-elf/12.2.0/../../../../xtensa-esp32s3-elf/include/c++/12.2.0/backward] ==> [/Users/sureel/.espressif/tools/xtensa-esp32s3-elf/esp-12.2.0_20230208/xtensa-esp32s3-elf/xtensa-esp32s3-elf/include/c++/12.2.0/backward]
  collapse include dir [/Users/sureel/.espressif/tools/xtensa-esp32s3-elf/esp-12.2.0_20230208/xtensa-esp32s3-elf/bin/../lib/gcc/xtensa-esp32s3-elf/12.2.0/include] ==> [/Users/sureel/.espressif/tools/xtensa-esp32s3-elf/esp-12.2.0_20230208/xtensa-esp32s3-elf/lib/gcc/xtensa-esp32s3-elf/12.2.0/include]
  collapse include dir [/Users/sureel/.espressif/tools/xtensa-esp32s3-elf/esp-12.2.0_20230208/xtensa-esp32s3-elf/bin/../lib/gcc/xtensa-esp32s3-elf/12.2.0/include-fixed] ==> [/Users/sureel/.espressif/tools/xtensa-esp32s3-elf/esp-12.2.0_20230208/xtensa-esp32s3-elf/lib/gcc/xtensa-esp32s3-elf/12.2.0/include-fixed]
  collapse include dir [/Users/sureel/.espressif/tools/xtensa-esp32s3-elf/esp-12.2.0_20230208/xtensa-esp32s3-elf/bin/../lib/gcc/xtensa-esp32s3-elf/12.2.0/../../../../xtensa-esp32s3-elf/sys-include] ==> [/Users/sureel/.espressif/tools/xtensa-esp32s3-elf/esp-12.2.0_20230208/xtensa-esp32s3-elf/xtensa-esp32s3-elf/sys-include]
  collapse include dir [/Users/sureel/.espressif/tools/xtensa-esp32s3-elf/esp-12.2.0_20230208/xtensa-esp32s3-elf/bin/../lib/gcc/xtensa-esp32s3-elf/12.2.0/../../../../xtensa-esp32s3-elf/include] ==> [/Users/sureel/.espressif/tools/xtensa-esp32s3-elf/esp-12.2.0_20230208/xtensa-esp32s3-elf/xtensa-esp32s3-elf/include]
  implicit include dirs: [/Users/sureel/.espressif/tools/xtensa-esp32s3-elf/esp-12.2.0_20230208/xtensa-esp32s3-elf/xtensa-esp32s3-elf/include/c++/12.2.0;/Users/sureel/.espressif/tools/xtensa-esp32s3-elf/esp-12.2.0_20230208/xtensa-esp32s3-elf/xtensa-esp32s3-elf/include/c++/12.2.0/xtensa-esp32s3-elf;/Users/sureel/.espressif/tools/xtensa-esp32s3-elf/esp-12.2.0_20230208/xtensa-esp32s3-elf/xtensa-esp32s3-elf/include/c++/12.2.0/backward;/Users/sureel/.espressif/tools/xtensa-esp32s3-elf/esp-12.2.0_20230208/xtensa-esp32s3-elf/lib/gcc/xtensa-esp32s3-elf/12.2.0/include;/Users/sureel/.espressif/tools/xtensa-esp32s3-elf/esp-12.2.0_20230208/xtensa-esp32s3-elf/lib/gcc/xtensa-esp32s3-elf/12.2.0/include-fixed;/Users/sureel/.espressif/tools/xtensa-esp32s3-elf/esp-12.2.0_20230208/xtensa-esp32s3-elf/xtensa-esp32s3-elf/sys-include;/Users/sureel/.espressif/tools/xtensa-esp32s3-elf/esp-12.2.0_20230208/xtensa-esp32s3-elf/xtensa-esp32s3-elf/include]


Parsed CXX implicit link information from above output:
  link line regex: [^( *|.*[/\])(xtensa-esp32s3-elf-ld|CMAKE_LINK_STARTFILE-NOTFOUND|([^/\]+-)?ld|collect2)[^/\]*( |$)]
  ignore line: [Change Dir: /Users/sureel/VS_Code/WiWi-ESP-Firmware/csi_recv/build/bootloader/CMakeFiles/CMakeTmp]
  ignore line: []
  ignore line: [Run Build Command(s):/opt/homebrew/bin/ninja cmTC_15cc1 && [1/2] Building CXX object CMakeFiles/cmTC_15cc1.dir/CMakeCXXCompilerABI.cpp.obj]
  ignore line: [Using built-in specs.]
  ignore line: [COLLECT_GCC=/Users/sureel/.espressif/tools/xtensa-esp32s3-elf/esp-12.2.0_20230208/xtensa-esp32s3-elf/bin/xtensa-esp32s3-elf-g++]
  ignore line: [Target: xtensa-esp32s3-elf]
  ignore line: [Configured with: /builds/idf/crosstool-NG/.build/HOST-x86_64-apple-darwin12/xtensa-esp32s3-elf/src/gcc/configure --build=x86_64-build_pc-linux-gnu --host=x86_64-host_apple-darwin12 --target=xtensa-esp32s3-elf --prefix=/builds/idf/crosstool-NG/builds/xtensa-esp32s3-elf --exec_prefix=/builds/idf/crosstool-NG/builds/xtensa-esp32s3-elf --with-local-prefix=/builds/idf/crosstool-NG/builds/xtensa-esp32s3-elf/xtensa-esp32s3-elf --with-headers=/builds/idf/crosstool-NG/builds/xtensa-esp32s3-elf/xtensa-esp32s3-elf/include --with-newlib --enable-threads=no --disable-shared --with-pkgversion='crosstool-NG esp-12.2.0_20230208' --disable-__cxa_atexit --enable-cxx-flags=-ffunction-sections --disable-libgomp --disable-libmudflap --disable-libmpx --disable-libssp --disable-libquadmath --disable-libquadmath-support --disable-libstdcxx-verbose --with-gmp=/builds/idf/crosstool-NG/.build/HOST-x86_64-apple-darwin12/xtensa-esp32s3-elf/buildtools/complibs-host --with-mpfr=/builds/idf/crosstool-NG/.build/HOST-x86_64-apple-darwin12/xtensa-esp32s3-elf/buildtools/complibs-host --with-mpc=/builds/idf/crosstool-NG/.build/HOST-x86_64-apple-darwin12/xtensa-esp32s3-elf/buildtools/complibs-host --with-isl=/builds/idf/crosstool-NG/.build/HOST-x86_64-apple-darwin12/xtensa-esp32s3-elf/buildtools/complibs-host --enable-lto --enable-target-optspace --without-long-double-128 --disable-nls --enable-multiarch --enable-languages=c c++ --disable-libstdcxx-verbose --enable-threads=posix --enable-gcov-custom-rtio --enable-libstdcxx-time=yes]
  ignore line: [Thread model: posix]
  ignore line: [Supported LTO compression algorithms: zlib]
  ignore line: [gcc version 12.2.0 (crosstool-NG esp-12.2.0_20230208) ]
  ignore line: [COLLECT_GCC_OPTIONS='-mlongcalls' '-v' '-o' 'CMakeFiles/cmTC_15cc1.dir/CMakeCXXCompilerABI.cpp.obj' '-c' '-dumpdir' 'CMakeFiles/cmTC_15cc1.dir/']
  ignore line: [ /Users/sureel/.espressif/tools/xtensa-esp32s3-elf/esp-12.2.0_20230208/xtensa-esp32s3-elf/bin/../libexec/gcc/xtensa-esp32s3-elf/12.2.0/cc1plus -quiet -v -iprefix /Users/sureel/.espressif/tools/xtensa-esp32s3-elf/esp-12.2.0_20230208/xtensa-esp32s3-elf/bin/../lib/gcc/xtensa-esp32s3-elf/12.2.0/ /opt/homebrew/Cellar/cmake/3.23.2/share/cmake/Modules/CMakeCXXCompilerABI.cpp -quiet -dumpdir CMakeFiles/cmTC_15cc1.dir/ -dumpbase CMakeCXXCompilerABI.cpp.cpp -dumpbase-ext .cpp -mlongcalls -version -o /var/folders/wf/vpyfzw3j1g7bfvkfgnfl2j1c0000gn/T//cc0Um6wH.s]
  ignore line: [GNU C++17 (crosstool-NG esp-12.2.0_20230208) version 12.2.0 (xtensa-esp32s3-elf)]
  ignore line: [	compiled by GNU C version 8.3.0  GMP version 6.2.1  MPFR version 4.1.0  MPC version 1.2.1  isl version isl-0.24-GMP]
  ignore line: []
  ignore line: [GGC heuristics: --param ggc-min-expand=100 --param ggc-min-heapsize=131072]
  ignore line: [ignoring duplicate directory "/Users/sureel/.espressif/tools/xtensa-esp32s3-elf/esp-12.2.0_20230208/xtensa-esp32s3-elf/bin/../lib/gcc/../../lib/gcc/xtensa-esp32s3-elf/12.2.0/../../../../xtensa-esp32s3-elf/include/c++/12.2.0"]
  ignore line: [ignoring duplicate directory "/Users/sureel/.espressif/tools/xtensa-esp32s3-elf/esp-12.2.0_20230208/xtensa-esp32s3-elf/bin/../lib/gcc/../../lib/gcc/xtensa-esp32s3-elf/12.2.0/../../../../xtensa-esp32s3-elf/include/c++/12.2.0/xtensa-esp32s3-elf"]
  ignore line: [ignoring duplicate directory "/Users/sureel/.espressif/tools/xtensa-esp32s3-elf/esp-12.2.0_20230208/xtensa-esp32s3-elf/bin/../lib/gcc/../../lib/gcc/xtensa-esp32s3-elf/12.2.0/../../../../xtensa-esp32s3-elf/include/c++/12.2.0/backward"]
  ignore line: [ignoring duplicate directory "/Users/sureel/.espressif/tools/xtensa-esp32s3-elf/esp-12.2.0_20230208/xtensa-esp32s3-elf/bin/../lib/gcc/../../lib/gcc/xtensa-esp32s3-elf/12.2.0/include"]
  ignore line: [ignoring duplicate directory "/Users/sureel/.espressif/tools/xtensa-esp32s3-elf/esp-12.2.0_20230208/xtensa-esp32s3-elf/bin/../lib/gcc/../../lib/gcc/xtensa-esp32s3-elf/12.2.0/include-fixed"]
  ignore line: [ignoring duplicate directory "/Users/sureel/.espressif/tools/xtensa-esp32s3-elf/esp-12.2.0_20230208/xtensa-esp32s3-elf/bin/../lib/gcc/../../lib/gcc/xtensa-esp32s3-elf/12.2.0/../../../../xtensa-esp32s3-elf/sys-include"]
  ignore line: [ignoring duplicate directory "/Users/sureel/.espressif/tools/xtensa-esp32s3-elf/esp-12.2.0_20230208/xtensa-esp32s3-elf/bin/../lib/gcc/../../lib/gcc/xtensa-esp32s3-elf/12.2.0/../../../../xtensa-esp32s3-elf/include"]
  ignore line: [#include "..." search starts here:]
  ignore line: [#include <...> search starts here:]
  ignore line: [ /Users/sureel/.espressif/tools/xtensa-esp32s3-elf/esp-12.2.0_20230208/xtensa-esp32s3-elf/bin/../lib/gcc/xtensa-esp32s3-elf/12.2.0/../../../../xtensa-esp32s3-elf/include/c++/12.2.0]
  ignore line: [ /Users/sureel/.espressif/tools/xtensa-esp32s3-elf/esp-12.2.0_20230208/xtensa-esp32s3-elf/bin/../lib/gcc/xtensa-esp32s3-elf/12.2.0/../../../../xtensa-esp32s3-elf/include/c++/12.2.0/xtensa-esp32s3-elf]
  ignore line: [ /Users/sureel/.espressif/tools/xtensa-esp32s3-elf/esp-12.2.0_20230208/xtensa-esp32s3-elf/bin/../lib/gcc/xtensa-esp32s3-elf/12.2.0/../../../../xtensa-esp32s3-elf/include/c++/12.2.0/backward]
  ignore line: [ /Users/sureel/.espressif/tools/xtensa-esp32s3-elf/esp-12.2.0_20230208/xtensa-esp32s3-elf/bin/../lib/gcc/xtensa-esp32s3-elf/12.2.0/include]
  ignore line: [ /Users/sureel/.espressif/tools/xtensa-esp32s3-elf/esp-12.2.0_20230208/xtensa-esp32s3-elf/bin/../lib/gcc/xtensa-esp32s3-elf/12.2.0/include-fixed]
  ignore line: [ /Users/sureel/.espressif/tools/xtensa-esp32s3-elf/esp-12.2.0_20230208/xtensa-esp32s3-elf/bin/../lib/gcc/xtensa-esp32s3-elf/12.2.0/../../../../xtensa-esp32s3-elf/sys-include]
  ignore line: [ /Users/sureel/.espressif/tools/xtensa-esp32s3-elf/esp-12.2.0_20230208/xtensa-esp32s3-elf/bin/../lib/gcc/xtensa-esp32s3-elf/12.2.0/../../../../xtensa-esp32s3-elf/include]
  ignore line: [End of search list.]
  ignore line: [GNU C++17 (crosstool-NG esp-12.2.0_20230208) version 12.2.0 (xtensa-esp32s3-elf)]
  ignore line: [	compiled by GNU C version 8.3.0  GMP version 6.2.1  MPFR version 4.1.0  MPC version 1.2.1  isl version isl-0.24-GMP]
  ignore line: []
  ignore line: [GGC heuristics: --param ggc-min-expand=100 --param ggc-min-heapsize=131072]
  ignore line: [Compiler executable checksum: a634fe8936afdff82eaf1e00b04e45b1]
  ignore line: [COLLECT_GCC_OPTIONS='-mlongcalls' '-v' '-o' 'CMakeFiles/cmTC_15cc1.dir/CMakeCXXCompilerABI.cpp.obj' '-c' '-dumpdir' 'CMakeFiles/cmTC_15cc1.dir/']
  ignore line: [ /Users/sureel/.espressif/tools/xtensa-esp32s3-elf/esp-12.2.0_20230208/xtensa-esp32s3-elf/bin/../lib/gcc/xtensa-esp32s3-elf/12.2.0/../../../../xtensa-esp32s3-elf/bin/as --traditional-format --longcalls -o CMakeFiles/cmTC_15cc1.dir/CMakeCXXCompilerABI.cpp.obj /var/folders/wf/vpyfzw3j1g7bfvkfgnfl2j1c0000gn/T//cc0Um6wH.s]
  ignore line: [COMPILER_PATH=/Users/sureel/.espressif/tools/xtensa-esp32s3-elf/esp-12.2.0_20230208/xtensa-esp32s3-elf/bin/../libexec/gcc/xtensa-esp32s3-elf/12.2.0/:/Users/sureel/.espressif/tools/xtensa-esp32s3-elf/esp-12.2.0_20230208/xtensa-esp32s3-elf/bin/../libexec/gcc/:/Users/sureel/.espressif/tools/xtensa-esp32s3-elf/esp-12.2.0_20230208/xtensa-esp32s3-elf/bin/../lib/gcc/xtensa-esp32s3-elf/12.2.0/../../../../xtensa-esp32s3-elf/bin/]
  ignore line: [LIBRARY_PATH=/Users/sureel/.espressif/tools/xtensa-esp32s3-elf/esp-12.2.0_20230208/xtensa-esp32s3-elf/bin/../lib/gcc/xtensa-esp32s3-elf/12.2.0/:/Users/sureel/.espressif/tools/xtensa-esp32s3-elf/esp-12.2.0_20230208/xtensa-esp32s3-elf/bin/../lib/gcc/:/Users/sureel/.espressif/tools/xtensa-esp32s3-elf/esp-12.2.0_20230208/xtensa-esp32s3-elf/bin/../lib/gcc/xtensa-esp32s3-elf/12.2.0/../../../../xtensa-esp32s3-elf/lib/]
  ignore line: [COLLECT_GCC_OPTIONS='-mlongcalls' '-v' '-o' 'CMakeFiles/cmTC_15cc1.dir/CMakeCXXCompilerABI.cpp.obj' '-c' '-dumpdir' 'CMakeFiles/cmTC_15cc1.dir/CMakeCXXCompilerABI.cpp.']
  ignore line: [[2/2] Linking CXX executable cmTC_15cc1]
  ignore line: [Using built-in specs.]
  ignore line: [COLLECT_GCC=/Users/sureel/.espressif/tools/xtensa-esp32s3-elf/esp-12.2.0_20230208/xtensa-esp32s3-elf/bin/xtensa-esp32s3-elf-g++]
  ignore line: [COLLECT_LTO_WRAPPER=/Users/sureel/.espressif/tools/xtensa-esp32s3-elf/esp-12.2.0_20230208/xtensa-esp32s3-elf/bin/../libexec/gcc/xtensa-esp32s3-elf/12.2.0/lto-wrapper]
  ignore line: [Target: xtensa-esp32s3-elf]
  ignore line: [Configured with: /builds/idf/crosstool-NG/.build/HOST-x86_64-apple-darwin12/xtensa-esp32s3-elf/src/gcc/configure --build=x86_64-build_pc-linux-gnu --host=x86_64-host_apple-darwin12 --target=xtensa-esp32s3-elf --prefix=/builds/idf/crosstool-NG/builds/xtensa-esp32s3-elf --exec_prefix=/builds/idf/crosstool-NG/builds/xtensa-esp32s3-elf --with-local-prefix=/builds/idf/crosstool-NG/builds/xtensa-esp32s3-elf/xtensa-esp32s3-elf --with-headers=/builds/idf/crosstool-NG/builds/xtensa-esp32s3-elf/xtensa-esp32s3-elf/include --with-newlib --enable-threads=no --disable-shared --with-pkgversion='crosstool-NG esp-12.2.0_20230208' --disable-__cxa_atexit --enable-cxx-flags=-ffunction-sections --disable-libgomp --disable-libmudflap --disable-libmpx --disable-libssp --disable-libquadmath --disable-libquadmath-support --disable-libstdcxx-verbose --with-gmp=/builds/idf/crosstool-NG/.build/HOST-x86_64-apple-darwin12/xtensa-esp32s3-elf/buildtools/complibs-host --with-mpfr=/builds/idf/crosstool-NG/.build/HOST-x86_64-apple-darwin12/xtensa-esp32s3-elf/buildtools/complibs-host --with-mpc=/builds/idf/crosstool-NG/.build/HOST-x86_64-apple-darwin12/xtensa-esp32s3-elf/buildtools/complibs-host --with-isl=/builds/idf/crosstool-NG/.build/HOST-x86_64-apple-darwin12/xtensa-esp32s3-elf/buildtools/complibs-host --enable-lto --enable-target-optspace --without-long-double-128 --disable-nls --enable-multiarch --enable-languages=c c++ --disable-libstdcxx-verbose --enable-threads=posix --enable-gcov-custom-rtio --enable-libstdcxx-time=yes]
  ignore line: [Thread model: posix]
  ignore line: [Supported LTO compression algorithms: zlib]
  ignore line: [gcc version 12.2.0 (crosstool-NG esp-12.2.0_20230208) ]
  ignore line: [COMPILER_PATH=/Users/sureel/.espressif/tools/xtensa-esp32s3-elf/esp-12.2.0_20230208/xtensa-esp32s3-elf/bin/../libexec/gcc/xtensa-esp32s3-elf/12.2.0/:/Users/sureel/.espressif/tools/xtensa-esp32s3-elf/esp-12.2.0_20230208/xtensa-esp32s3-elf/bin/../libexec/gcc/:/Users/sureel/.espressif/tools/xtensa-esp32s3-elf/esp-12.2.0_20230208/xtensa-esp32s3-elf/bin/../lib/gcc/xtensa-esp32s3-elf/12.2.0/../../../../xtensa-esp32s3-elf/bin/]
  ignore line: [LIBRARY_PATH=/Users/sureel/.espressif/tools/xtensa-esp32s3-elf/esp-12.2.0_20230208/xtensa-esp32s3-elf/bin/../lib/gcc/xtensa-esp32s3-elf/12.2.0/:/Users/sureel/.espressif/tools/xtensa-esp32s3-elf/esp-12.2.0_20230208/xtensa-esp32s3-elf/bin/../lib/gcc/:/Users/sureel/.espressif/tools/xtensa-esp32s3-elf/esp-12.2.0_20230208/xtensa-esp32s3-elf/bin/../lib/gcc/xtensa-esp32s3-elf/12.2.0/../../../../xtensa-esp32s3-elf/lib/]
  ignore line: [COLLECT_GCC_OPTIONS='-mlongcalls' '-v' '-o' 'cmTC_15cc1' '-dumpdir' 'cmTC_15cc1.']
  link line: [ /Users/sureel/.espressif/tools/xtensa-esp32s3-elf/esp-12.2.0_20230208/xtensa-esp32s3-elf/bin/../libexec/gcc/xtensa-esp32s3-elf/12.2.0/collect2 -plugin /Users/sureel/.espressif/tools/xtensa-esp32s3-elf/esp-12.2.0_20230208/xtensa-esp32s3-elf/bin/../libexec/gcc/xtensa-esp32s3-elf/12.2.0/liblto_plugin.so -plugin-opt=/Users/sureel/.espressif/tools/xtensa-esp32s3-elf/esp-12.2.0_20230208/xtensa-esp32s3-elf/bin/../libexec/gcc/xtensa-esp32s3-elf/12.2.0/lto-wrapper -plugin-opt=-fresolution=/var/folders/wf/vpyfzw3j1g7bfvkfgnfl2j1c0000gn/T//ccqnOWqD.res -plugin-opt=-pass-through=-lgcc -plugin-opt=-pass-through=-lc -plugin-opt=-pass-through=-lnosys -plugin-opt=-pass-through=-lc -plugin-opt=-pass-through=-lgcc -o cmTC_15cc1 /Users/sureel/.espressif/tools/xtensa-esp32s3-elf/esp-12.2.0_20230208/xtensa-esp32s3-elf/bin/../lib/gcc/xtensa-esp32s3-elf/12.2.0/../../../../xtensa-esp32s3-elf/lib/crt0.o /Users/sureel/.espressif/tools/xtensa-esp32s3-elf/esp-12.2.0_20230208/xtensa-esp32s3-elf/bin/../lib/gcc/xtensa-esp32s3-elf/12.2.0/crti.o /Users/sureel/.espressif/tools/xtensa-esp32s3-elf/esp-12.2.0_20230208/xtensa-esp32s3-elf/bin/../lib/gcc/xtensa-esp32s3-elf/12.2.0/crtbegin.o -L/Users/sureel/.espressif/tools/xtensa-esp32s3-elf/esp-12.2.0_20230208/xtensa-esp32s3-elf/bin/../lib/gcc/xtensa-esp32s3-elf/12.2.0 -L/Users/sureel/.espressif/tools/xtensa-esp32s3-elf/esp-12.2.0_20230208/xtensa-esp32s3-elf/bin/../lib/gcc -L/Users/sureel/.espressif/tools/xtensa-esp32s3-elf/esp-12.2.0_20230208/xtensa-esp32s3-elf/bin/../lib/gcc/xtensa-esp32s3-elf/12.2.0/../../../../xtensa-esp32s3-elf/lib CMakeFiles/cmTC_15cc1.dir/CMakeCXXCompilerABI.cpp.obj -lstdc++ -lm -lgcc -lc -lnosys -lc -lgcc /Users/sureel/.espressif/tools/xtensa-esp32s3-elf/esp-12.2.0_20230208/xtensa-esp32s3-elf/bin/../lib/gcc/xtensa-esp32s3-elf/12.2.0/crtend.o /Users/sureel/.espressif/tools/xtensa-esp32s3-elf/esp-12.2.0_20230208/xtensa-esp32s3-elf/bin/../lib/gcc/xtensa-esp32s3-elf/12.2.0/crtn.o]
    arg [/Users/sureel/.espressif/tools/xtensa-esp32s3-elf/esp-12.2.0_20230208/xtensa-esp32s3-elf/bin/../libexec/gcc/xtensa-esp32s3-elf/12.2.0/collect2] ==> ignore
    arg [-plugin] ==> ignore
    arg [/Users/sureel/.espressif/tools/xtensa-esp32s3-elf/esp-12.2.0_20230208/xtensa-esp32s3-elf/bin/../libexec/gcc/xtensa-esp32s3-elf/12.2.0/liblto_plugin.so] ==> ignore
    arg [-plugin-opt=/Users/sureel/.espressif/tools/xtensa-esp32s3-elf/esp-12.2.0_20230208/xtensa-esp32s3-elf/bin/../libexec/gcc/xtensa-esp32s3-elf/12.2.0/lto-wrapper] ==> ignore
    arg [-plugin-opt=-fresolution=/var/folders/wf/vpyfzw3j1g7bfvkfgnfl2j1c0000gn/T//ccqnOWqD.res] ==> ignore
    arg [-plugin-opt=-pass-through=-lgcc] ==> ignore
    arg [-plugin-opt=-pass-through=-lc] ==> ignore
    arg [-plugin-opt=-pass-through=-lnosys] ==> ignore
    arg [-plugin-opt=-pass-through=-lc] ==> ignore
    arg [-plugin-opt=-pass-through=-lgcc] ==> ignore
    arg [-o] ==> ignore
    arg [cmTC_15cc1] ==> ignore
    arg [/Users/sureel/.espressif/tools/xtensa-esp32s3-elf/esp-12.2.0_20230208/xtensa-esp32s3-elf/bin/../lib/gcc/xtensa-esp32s3-elf/12.2.0/../../../../xtensa-esp32s3-elf/lib/crt0.o] ==> obj [/Users/sureel/.espressif/tools/xtensa-esp32s3-elf/esp-12.2.0_20230208/xtensa-esp32s3-elf/bin/../lib/gcc/xtensa-esp32s3-elf/12.2.0/../../../../xtensa-esp32s3-elf/lib/crt0.o]
    arg [/Users/sureel/.espressif/tools/xtensa-esp32s3-elf/esp-12.2.0_20230208/xtensa-esp32s3-elf/bin/../lib/gcc/xtensa-esp32s3-elf/12.2.0/crti.o] ==> obj [/Users/sureel/.espressif/tools/xtensa-esp32s3-elf/esp-12.2.0_20230208/xtensa-esp32s3-elf/bin/../lib/gcc/xtensa-esp32s3-elf/12.2.0/crti.o]
    arg [/Users/sureel/.espressif/tools/xtensa-esp32s3-elf/esp-12.2.0_20230208/xtensa-esp32s3-elf/bin/../lib/gcc/xtensa-esp32s3-elf/12.2.0/crtbegin.o] ==> obj [/Users/sureel/.espressif/tools/xtensa-esp32s3-elf/esp-12.2.0_20230208/xtensa-esp32s3-elf/bin/../lib/gcc/xtensa-esp32s3-elf/12.2.0/crtbegin.o]
    arg [-L/Users/sureel/.espressif/tools/xtensa-esp32s3-elf/esp-12.2.0_20230208/xtensa-esp32s3-elf/bin/../lib/gcc/xtensa-esp32s3-elf/12.2.0] ==> dir [/Users/sureel/.espressif/tools/xtensa-esp32s3-elf/esp-12.2.0_20230208/xtensa-esp32s3-elf/bin/../lib/gcc/xtensa-esp32s3-elf/12.2.0]
    arg [-L/Users/sureel/.espressif/tools/xtensa-esp32s3-elf/esp-12.2.0_20230208/xtensa-esp32s3-elf/bin/../lib/gcc] ==> dir [/Users/sureel/.espressif/tools/xtensa-esp32s3-elf/esp-12.2.0_20230208/xtensa-esp32s3-elf/bin/../lib/gcc]
    arg [-L/Users/sureel/.espressif/tools/xtensa-esp32s3-elf/esp-12.2.0_20230208/xtensa-esp32s3-elf/bin/../lib/gcc/xtensa-esp32s3-elf/12.2.0/../../../../xtensa-esp32s3-elf/lib] ==> dir [/Users/sureel/.espressif/tools/xtensa-esp32s3-elf/esp-12.2.0_20230208/xtensa-esp32s3-elf/bin/../lib/gcc/xtensa-esp32s3-elf/12.2.0/../../../../xtensa-esp32s3-elf/lib]
    arg [CMakeFiles/cmTC_15cc1.dir/CMakeCXXCompilerABI.cpp.obj] ==> ignore
    arg [-lstdc++] ==> lib [stdc++]
    arg [-lm] ==> lib [m]
    arg [-lgcc] ==> lib [gcc]
    arg [-lc] ==> lib [c]
    arg [-lnosys] ==> lib [nosys]
    arg [-lc] ==> lib [c]
    arg [-lgcc] ==> lib [gcc]
    arg [/Users/sureel/.espressif/tools/xtensa-esp32s3-elf/esp-12.2.0_20230208/xtensa-esp32s3-elf/bin/../lib/gcc/xtensa-esp32s3-elf/12.2.0/crtend.o] ==> obj [/Users/sureel/.espressif/tools/xtensa-esp32s3-elf/esp-12.2.0_20230208/xtensa-esp32s3-elf/bin/../lib/gcc/xtensa-esp32s3-elf/12.2.0/crtend.o]
    arg [/Users/sureel/.espressif/tools/xtensa-esp32s3-elf/esp-12.2.0_20230208/xtensa-esp32s3-elf/bin/../lib/gcc/xtensa-esp32s3-elf/12.2.0/crtn.o] ==> obj [/Users/sureel/.espressif/tools/xtensa-esp32s3-elf/esp-12.2.0_20230208/xtensa-esp32s3-elf/bin/../lib/gcc/xtensa-esp32s3-elf/12.2.0/crtn.o]
  collapse obj [/Users/sureel/.espressif/tools/xtensa-esp32s3-elf/esp-12.2.0_20230208/xtensa-esp32s3-elf/bin/../lib/gcc/xtensa-esp32s3-elf/12.2.0/../../../../xtensa-esp32s3-elf/lib/crt0.o] ==> [/Users/sureel/.espressif/tools/xtensa-esp32s3-elf/esp-12.2.0_20230208/xtensa-esp32s3-elf/xtensa-esp32s3-elf/lib/crt0.o]
  collapse obj [/Users/sureel/.espressif/tools/xtensa-esp32s3-elf/esp-12.2.0_20230208/xtensa-esp32s3-elf/bin/../lib/gcc/xtensa-esp32s3-elf/12.2.0/crti.o] ==> [/Users/sureel/.espressif/tools/xtensa-esp32s3-elf/esp-12.2.0_20230208/xtensa-esp32s3-elf/lib/gcc/xtensa-esp32s3-elf/12.2.0/crti.o]
  collapse obj [/Users/sureel/.espressif/tools/xtensa-esp32s3-elf/esp-12.2.0_20230208/xtensa-esp32s3-elf/bin/../lib/gcc/xtensa-esp32s3-elf/12.2.0/crtbegin.o] ==> [/Users/sureel/.espressif/tools/xtensa-esp32s3-elf/esp-12.2.0_20230208/xtensa-esp32s3-elf/lib/gcc/xtensa-esp32s3-elf/12.2.0/crtbegin.o]
  collapse obj [/Users/sureel/.espressif/tools/xtensa-esp32s3-elf/esp-12.2.0_20230208/xtensa-esp32s3-elf/bin/../lib/gcc/xtensa-esp32s3-elf/12.2.0/crtend.o] ==> [/Users/sureel/.espressif/tools/xtensa-esp32s3-elf/esp-12.2.0_20230208/xtensa-esp32s3-elf/lib/gcc/xtensa-esp32s3-elf/12.2.0/crtend.o]
  collapse obj [/Users/sureel/.espressif/tools/xtensa-esp32s3-elf/esp-12.2.0_20230208/xtensa-esp32s3-elf/bin/../lib/gcc/xtensa-esp32s3-elf/12.2.0/crtn.o] ==> [/Users/sureel/.espressif/tools/xtensa-esp32s3-elf/esp-12.2.0_20230208/xtensa-esp32s3-elf/lib/gcc/xtensa-esp32s3-elf/12.2.0/crtn.o]
  collapse library dir [/Users/sureel/.espressif/tools/xtensa-esp32s3-elf/esp-12.2.0_20230208/xtensa-esp32s3-elf/bin/../lib/gcc/xtensa-esp32s3-elf/12.2.0] ==> [/Users/sureel/.espressif/tools/xtensa-esp32s3-elf/esp-12.2.0_20230208/xtensa-esp32s3-elf/lib/gcc/xtensa-esp32s3-elf/12.2.0]
  collapse library dir [/Users/sureel/.espressif/tools/xtensa-esp32s3-elf/esp-12.2.0_20230208/xtensa-esp32s3-elf/bin/../lib/gcc] ==> [/Users/sureel/.espressif/tools/xtensa-esp32s3-elf/esp-12.2.0_20230208/xtensa-esp32s3-elf/lib/gcc]
  collapse library dir [/Users/sureel/.espressif/tools/xtensa-esp32s3-elf/esp-12.2.0_20230208/xtensa-esp32s3-elf/bin/../lib/gcc/xtensa-esp32s3-elf/12.2.0/../../../../xtensa-esp32s3-elf/lib] ==> [/Users/sureel/.espressif/tools/xtensa-esp32s3-elf/esp-12.2.0_20230208/xtensa-esp32s3-elf/xtensa-esp32s3-elf/lib]
  implicit libs: [stdc++;m;gcc;c;nosys;c;gcc]
  implicit objs: [/Users/sureel/.espressif/tools/xtensa-esp32s3-elf/esp-12.2.0_20230208/xtensa-esp32s3-elf/xtensa-esp32s3-elf/lib/crt0.o;/Users/sureel/.espressif/tools/xtensa-esp32s3-elf/esp-12.2.0_20230208/xtensa-esp32s3-elf/lib/gcc/xtensa-esp32s3-elf/12.2.0/crti.o;/Users/sureel/.espressif/tools/xtensa-esp32s3-elf/esp-12.2.0_20230208/xtensa-esp32s3-elf/lib/gcc/xtensa-esp32s3-elf/12.2.0/crtbegin.o;/Users/sureel/.espressif/tools/xtensa-esp32s3-elf/esp-12.2.0_20230208/xtensa-esp32s3-elf/lib/gcc/xtensa-esp32s3-elf/12.2.0/crtend.o;/Users/sureel/.espressif/tools/xtensa-esp32s3-elf/esp-12.2.0_20230208/xtensa-esp32s3-elf/lib/gcc/xtensa-esp32s3-elf/12.2.0/crtn.o]
  implicit dirs: [/Users/sureel/.espressif/tools/xtensa-esp32s3-elf/esp-12.2.0_20230208/xtensa-esp32s3-elf/lib/gcc/xtensa-esp32s3-elf/12.2.0;/Users/sureel/.espressif/tools/xtensa-esp32s3-elf/esp-12.2.0_20230208/xtensa-esp32s3-elf/lib/gcc;/Users/sureel/.espressif/tools/xtensa-esp32s3-elf/esp-12.2.0_20230208/xtensa-esp32s3-elf/xtensa-esp32s3-elf/lib]
  implicit fwks: []


Determining if the include file sys/types.h exists passed with the following output:
Change Dir: /Users/sureel/VS_Code/WiWi-ESP-Firmware/csi_recv/build/bootloader/CMakeFiles/CMakeTmp

Run Build Command(s):/opt/homebrew/bin/ninja cmTC_fb533 && [1/2] Building C object CMakeFiles/cmTC_fb533.dir/CheckIncludeFile.c.obj
[2/2] Linking C executable cmTC_fb533



Determining if the include file stdint.h exists passed with the following output:
Change Dir: /Users/sureel/VS_Code/WiWi-ESP-Firmware/csi_recv/build/bootloader/CMakeFiles/CMakeTmp

Run Build Command(s):/opt/homebrew/bin/ninja cmTC_39fe8 && [1/2] Building C object CMakeFiles/cmTC_39fe8.dir/CheckIncludeFile.c.obj
[2/2] Linking C executable cmTC_39fe8



Determining if the include file stddef.h exists passed with the following output:
Change Dir: /Users/sureel/VS_Code/WiWi-ESP-Firmware/csi_recv/build/bootloader/CMakeFiles/CMakeTmp

Run Build Command(s):/opt/homebrew/bin/ninja cmTC_14c8f && [1/2] Building C object CMakeFiles/cmTC_14c8f.dir/CheckIncludeFile.c.obj
[2/2] Linking C executable cmTC_14c8f



Determining size of time_t passed with the following output:
Change Dir: /Users/sureel/VS_Code/WiWi-ESP-Firmware/csi_recv/build/bootloader/CMakeFiles/CMakeTmp

Run Build Command(s):/opt/homebrew/bin/ninja cmTC_ca3b7 && [1/2] Building C object CMakeFiles/cmTC_ca3b7.dir/TIME_T_SIZE.c.obj
[2/2] Linking C executable cmTC_ca3b7



